[ 2017-05-02T10:09:02+08:00 ] 192.168.1.212 /
INFO: [ app_init ] --START--
INFO: Run Behavior\BuildLiteBehavior [ RunTime:0.000011s ]
INFO: [ app_init ] --END-- [ RunTime:0.000305s ]
INFO: [ app_begin ] --START--
INFO: Run Behavior\ReadHtmlCacheBehavior [ RunTime:0.000446s ]
INFO: [ app_begin ] --END-- [ RunTime:0.000481s ]
INFO: [ view_parse ] --START--
INFO: Run Behavior\ParseTemplateBehavior [ RunTime:0.015784s ]
INFO: [ view_parse ] --END-- [ RunTime:0.015899s ]
INFO: [ view_filter ] --START--
INFO: Run Behavior\WriteHtmlCacheBehavior [ RunTime:0.000625s ]
INFO: [ view_filter ] --END-- [ RunTime:0.000691s ]
INFO: [ app_end ] --START--
INFO: Run Behavior\ShowPageTraceBehavior [ RunTime:0.001116s ]
INFO: [ app_end ] --END-- [ RunTime:0.001186s ]

[ 2017-05-02T10:09:14+08:00 ] 192.168.1.212 /index.php
INFO: [ app_init ] --START--
INFO: Run Behavior\BuildLiteBehavior [ RunTime:0.000011s ]
INFO: [ app_init ] --END-- [ RunTime:0.000282s ]
INFO: [ app_begin ] --START--
INFO: Run Behavior\ReadHtmlCacheBehavior [ RunTime:0.000503s ]
INFO: [ app_begin ] --END-- [ RunTime:0.000537s ]
INFO: [ view_parse ] --START--
INFO: Run Behavior\ParseTemplateBehavior [ RunTime:0.000235s ]
INFO: [ view_parse ] --END-- [ RunTime:0.000267s ]
INFO: [ view_filter ] --START--
INFO: Run Behavior\WriteHtmlCacheBehavior [ RunTime:0.000205s ]
INFO: [ view_filter ] --END-- [ RunTime:0.000232s ]
INFO: [ app_end ] --START--
INFO: Run Behavior\ShowPageTraceBehavior [ RunTime:0.000426s ]
INFO: [ app_end ] --END-- [ RunTime:0.000455s ]

[ 2017-05-02T10:09:32+08:00 ] 192.168.1.212 /index.php
INFO: [ app_init ] --START--
INFO: Run Behavior\BuildLiteBehavior [ RunTime:0.000010s ]
INFO: [ app_init ] --END-- [ RunTime:0.000313s ]
INFO: [ app_begin ] --START--
INFO: Run Behavior\ReadHtmlCacheBehavior [ RunTime:0.000499s ]
INFO: [ app_begin ] --END-- [ RunTime:0.000533s ]
INFO: [ view_parse ] --START--
INFO: Run Behavior\ParseTemplateBehavior [ RunTime:0.000282s ]
INFO: [ view_parse ] --END-- [ RunTime:0.000331s ]
INFO: [ view_filter ] --START--
INFO: Run Behavior\WriteHtmlCacheBehavior [ RunTime:0.000267s ]
INFO: [ view_filter ] --END-- [ RunTime:0.000292s ]
INFO: [ app_end ] --START--
INFO: Run Behavior\ShowPageTraceBehavior [ RunTime:0.000430s ]
INFO: [ app_end ] --END-- [ RunTime:0.000458s ]

[ 2017-05-02T10:09:43+08:00 ] 192.168.1.212 /index.php/Home
INFO: [ app_init ] --START--
INFO: Run Behavior\BuildLiteBehavior [ RunTime:0.000010s ]
INFO: [ app_init ] --END-- [ RunTime:0.000285s ]
INFO: [ app_begin ] --START--
INFO: Run Behavior\ReadHtmlCacheBehavior [ RunTime:0.000490s ]
INFO: [ app_begin ] --END-- [ RunTime:0.000527s ]
INFO: [ view_parse ] --START--
INFO: Run Behavior\ParseTemplateBehavior [ RunTime:0.000210s ]
INFO: [ view_parse ] --END-- [ RunTime:0.000242s ]
INFO: [ view_filter ] --START--
INFO: Run Behavior\WriteHtmlCacheBehavior [ RunTime:0.000204s ]
INFO: [ view_filter ] --END-- [ RunTime:0.000230s ]
INFO: [ app_end ] --START--
INFO: Run Behavior\ShowPageTraceBehavior [ RunTime:0.000445s ]
INFO: [ app_end ] --END-- [ RunTime:0.000474s ]

[ 2017-05-02T10:26:26+08:00 ] 192.168.1.212 /
INFO: [ app_init ] --START--
INFO: Run Behavior\BuildLiteBehavior [ RunTime:0.000033s ]
INFO: [ app_init ] --END-- [ RunTime:0.000820s ]
INFO: [ app_begin ] --START--
INFO: Run Behavior\ReadHtmlCacheBehavior [ RunTime:0.000479s ]
INFO: [ app_begin ] --END-- [ RunTime:0.000526s ]
INFO: [ view_parse ] --START--
INFO: [ template_filter ] --START--
INFO: Run Behavior\ContentReplaceBehavior [ RunTime:0.000264s ]
INFO: [ template_filter ] --END-- [ RunTime:0.000310s ]
INFO: Run Behavior\ParseTemplateBehavior [ RunTime:0.019880s ]
INFO: [ view_parse ] --END-- [ RunTime:0.019924s ]
INFO: [ view_filter ] --START--
INFO: Run Behavior\WriteHtmlCacheBehavior [ RunTime:0.000295s ]
INFO: [ view_filter ] --END-- [ RunTime:0.000323s ]
INFO: [ app_end ] --START--
INFO: Run Behavior\ShowPageTraceBehavior [ RunTime:0.000580s ]
INFO: [ app_end ] --END-- [ RunTime:0.000620s ]

[ 2017-05-02T10:38:39+08:00 ] 192.168.1.212 /
INFO: [ app_init ] --START--
INFO: Run Behavior\BuildLiteBehavior [ RunTime:0.000010s ]
INFO: [ app_init ] --END-- [ RunTime:0.000291s ]
INFO: [ app_begin ] --START--
INFO: Run Behavior\ReadHtmlCacheBehavior [ RunTime:0.000484s ]
INFO: [ app_begin ] --END-- [ RunTime:0.000548s ]
INFO: [ view_parse ] --START--
INFO: [ template_filter ] --START--
INFO: Run Behavior\ContentReplaceBehavior [ RunTime:0.000267s ]
INFO: [ template_filter ] --END-- [ RunTime:0.000307s ]
INFO: Run Behavior\ParseTemplateBehavior [ RunTime:0.020673s ]
INFO: [ view_parse ] --END-- [ RunTime:0.020719s ]
INFO: [ view_filter ] --START--
INFO: Run Behavior\WriteHtmlCacheBehavior [ RunTime:0.000289s ]
INFO: [ view_filter ] --END-- [ RunTime:0.000316s ]
INFO: [ app_end ] --START--
INFO: Run Behavior\ShowPageTraceBehavior [ RunTime:0.000628s ]
INFO: [ app_end ] --END-- [ RunTime:0.000672s ]

[ 2017-05-02T10:41:15+08:00 ] 192.168.1.212 /
INFO: [ app_init ] --START--
INFO: Run Behavior\BuildLiteBehavior [ RunTime:0.000010s ]
INFO: [ app_init ] --END-- [ RunTime:0.000285s ]
INFO: [ app_begin ] --START--
INFO: Run Behavior\ReadHtmlCacheBehavior [ RunTime:0.000438s ]
INFO: [ app_begin ] --END-- [ RunTime:0.000473s ]
INFO: [ view_parse ] --START--
INFO: [ template_filter ] --START--
INFO: Run Behavior\ContentReplaceBehavior [ RunTime:0.000188s ]
INFO: [ template_filter ] --END-- [ RunTime:0.000226s ]
INFO: Run Behavior\ParseTemplateBehavior [ RunTime:0.020852s ]
INFO: [ view_parse ] --END-- [ RunTime:0.020896s ]
INFO: [ view_filter ] --START--
INFO: Run Behavior\WriteHtmlCacheBehavior [ RunTime:0.000259s ]
INFO: [ view_filter ] --END-- [ RunTime:0.000286s ]
INFO: [ app_end ] --START--
INFO: Run Behavior\ShowPageTraceBehavior [ RunTime:0.000598s ]
INFO: [ app_end ] --END-- [ RunTime:0.000640s ]

[ 2017-05-02T10:41:18+08:00 ] 192.168.1.212 /
INFO: [ app_init ] --START--
INFO: Run Behavior\BuildLiteBehavior [ RunTime:0.000010s ]
INFO: [ app_init ] --END-- [ RunTime:0.000253s ]
INFO: [ app_begin ] --START--
INFO: Run Behavior\ReadHtmlCacheBehavior [ RunTime:0.000371s ]
INFO: [ app_begin ] --END-- [ RunTime:0.000405s ]
INFO: [ view_parse ] --START--
INFO: [ template_filter ] --START--
INFO: Run Behavior\ContentReplaceBehavior [ RunTime:0.000182s ]
INFO: [ template_filter ] --END-- [ RunTime:0.000214s ]
INFO: Run Behavior\ParseTemplateBehavior [ RunTime:0.019216s ]
INFO: [ view_parse ] --END-- [ RunTime:0.019259s ]
INFO: [ view_filter ] --START--
INFO: Run Behavior\WriteHtmlCacheBehavior [ RunTime:0.000169s ]
INFO: [ view_filter ] --END-- [ RunTime:0.000196s ]
INFO: [ app_end ] --START--
INFO: Run Behavior\ShowPageTraceBehavior [ RunTime:0.000430s ]
INFO: [ app_end ] --END-- [ RunTime:0.000469s ]

[ 2017-05-02T10:47:38+08:00 ] 192.168.1.212 /
INFO: [ app_init ] --START--
INFO: Run Behavior\BuildLiteBehavior [ RunTime:0.000012s ]
INFO: [ app_init ] --END-- [ RunTime:0.000328s ]
INFO: [ app_begin ] --START--
INFO: Run Behavior\ReadHtmlCacheBehavior [ RunTime:0.000447s ]
INFO: [ app_begin ] --END-- [ RunTime:0.000482s ]
INFO: [ view_parse ] --START--
INFO: [ template_filter ] --START--
INFO: Run Behavior\ContentReplaceBehavior [ RunTime:0.000237s ]
INFO: [ template_filter ] --END-- [ RunTime:0.000332s ]
INFO: Run Behavior\ParseTemplateBehavior [ RunTime:0.021271s ]
INFO: [ view_parse ] --END-- [ RunTime:0.021315s ]
INFO: [ view_filter ] --START--
INFO: Run Behavior\WriteHtmlCacheBehavior [ RunTime:0.000247s ]
INFO: [ view_filter ] --END-- [ RunTime:0.000274s ]
INFO: [ app_end ] --START--
INFO: Run Behavior\ShowPageTraceBehavior [ RunTime:0.000535s ]
INFO: [ app_end ] --END-- [ RunTime:0.000576s ]

[ 2017-05-02T10:47:39+08:00 ] 192.168.1.212 /
INFO: [ app_init ] --START--
INFO: Run Behavior\BuildLiteBehavior [ RunTime:0.000010s ]
INFO: [ app_init ] --END-- [ RunTime:0.000264s ]
INFO: [ app_begin ] --START--
INFO: Run Behavior\ReadHtmlCacheBehavior [ RunTime:0.000372s ]
INFO: [ app_begin ] --END-- [ RunTime:0.000406s ]
INFO: [ view_parse ] --START--
INFO: [ template_filter ] --START--
INFO: Run Behavior\ContentReplaceBehavior [ RunTime:0.000190s ]
INFO: [ template_filter ] --END-- [ RunTime:0.000228s ]
INFO: Run Behavior\ParseTemplateBehavior [ RunTime:0.020971s ]
INFO: [ view_parse ] --END-- [ RunTime:0.021012s ]
INFO: [ view_filter ] --START--
INFO: Run Behavior\WriteHtmlCacheBehavior [ RunTime:0.000170s ]
INFO: [ view_filter ] --END-- [ RunTime:0.000198s ]
INFO: [ app_end ] --START--
INFO: Run Behavior\ShowPageTraceBehavior [ RunTime:0.000449s ]
INFO: [ app_end ] --END-- [ RunTime:0.000485s ]

[ 2017-05-02T10:47:40+08:00 ] 192.168.1.212 /
INFO: [ app_init ] --START--
INFO: Run Behavior\BuildLiteBehavior [ RunTime:0.000013s ]
INFO: [ app_init ] --END-- [ RunTime:0.000265s ]
INFO: [ app_begin ] --START--
INFO: Run Behavior\ReadHtmlCacheBehavior [ RunTime:0.000381s ]
INFO: [ app_begin ] --END-- [ RunTime:0.000417s ]
INFO: [ view_parse ] --START--
INFO: [ template_filter ] --START--
INFO: Run Behavior\ContentReplaceBehavior [ RunTime:0.000313s ]
INFO: [ template_filter ] --END-- [ RunTime:0.000356s ]
INFO: Run Behavior\ParseTemplateBehavior [ RunTime:0.021223s ]
INFO: [ view_parse ] --END-- [ RunTime:0.021267s ]
INFO: [ view_filter ] --START--
INFO: Run Behavior\WriteHtmlCacheBehavior [ RunTime:0.000192s ]
INFO: [ view_filter ] --END-- [ RunTime:0.000218s ]
INFO: [ app_end ] --START--
INFO: Run Behavior\ShowPageTraceBehavior [ RunTime:0.000505s ]
INFO: [ app_end ] --END-- [ RunTime:0.000542s ]

[ 2017-05-02T10:47:40+08:00 ] 192.168.1.212 /
INFO: [ app_init ] --START--
INFO: Run Behavior\BuildLiteBehavior [ RunTime:0.000012s ]
INFO: [ app_init ] --END-- [ RunTime:0.000304s ]
INFO: [ app_begin ] --START--
INFO: Run Behavior\ReadHtmlCacheBehavior [ RunTime:0.000452s ]
INFO: [ app_begin ] --END-- [ RunTime:0.000495s ]
INFO: [ view_parse ] --START--
INFO: [ template_filter ] --START--
INFO: Run Behavior\ContentReplaceBehavior [ RunTime:0.000191s ]
INFO: [ template_filter ] --END-- [ RunTime:0.000228s ]
INFO: Run Behavior\ParseTemplateBehavior [ RunTime:0.020585s ]
INFO: [ view_parse ] --END-- [ RunTime:0.020630s ]
INFO: [ view_filter ] --START--
INFO: Run Behavior\WriteHtmlCacheBehavior [ RunTime:0.000180s ]
INFO: [ view_filter ] --END-- [ RunTime:0.000207s ]
INFO: [ app_end ] --START--
INFO: Run Behavior\ShowPageTraceBehavior [ RunTime:0.000545s ]
INFO: [ app_end ] --END-- [ RunTime:0.000578s ]

[ 2017-05-02T10:47:40+08:00 ] 192.168.1.212 /
INFO: [ app_init ] --START--
INFO: Run Behavior\BuildLiteBehavior [ RunTime:0.000011s ]
INFO: [ app_init ] --END-- [ RunTime:0.000258s ]
INFO: [ app_begin ] --START--
INFO: Run Behavior\ReadHtmlCacheBehavior [ RunTime:0.000380s ]
INFO: [ app_begin ] --END-- [ RunTime:0.000415s ]
INFO: [ view_parse ] --START--
INFO: [ template_filter ] --START--
INFO: Run Behavior\ContentReplaceBehavior [ RunTime:0.000195s ]
INFO: [ template_filter ] --END-- [ RunTime:0.000230s ]
INFO: Run Behavior\ParseTemplateBehavior [ RunTime:0.020520s ]
INFO: [ view_parse ] --END-- [ RunTime:0.020563s ]
INFO: [ view_filter ] --START--
INFO: Run Behavior\WriteHtmlCacheBehavior [ RunTime:0.000187s ]
INFO: [ view_filter ] --END-- [ RunTime:0.000213s ]
INFO: [ app_end ] --START--
INFO: Run Behavior\ShowPageTraceBehavior [ RunTime:0.000523s ]
INFO: [ app_end ] --END-- [ RunTime:0.000557s ]

[ 2017-05-02T10:47:40+08:00 ] 192.168.1.212 /
INFO: [ app_init ] --START--
INFO: Run Behavior\BuildLiteBehavior [ RunTime:0.000010s ]
INFO: [ app_init ] --END-- [ RunTime:0.000373s ]
INFO: [ app_begin ] --START--
INFO: Run Behavior\ReadHtmlCacheBehavior [ RunTime:0.000401s ]
INFO: [ app_begin ] --END-- [ RunTime:0.000435s ]
INFO: [ view_parse ] --START--
INFO: [ template_filter ] --START--
INFO: Run Behavior\ContentReplaceBehavior [ RunTime:0.000189s ]
INFO: [ template_filter ] --END-- [ RunTime:0.000225s ]
INFO: Run Behavior\ParseTemplateBehavior [ RunTime:0.020013s ]
INFO: [ view_parse ] --END-- [ RunTime:0.020073s ]
INFO: [ view_filter ] --START--
INFO: Run Behavior\WriteHtmlCacheBehavior [ RunTime:0.000178s ]
INFO: [ view_filter ] --END-- [ RunTime:0.000218s ]
INFO: [ app_end ] --START--
INFO: Run Behavior\ShowPageTraceBehavior [ RunTime:0.000467s ]
INFO: [ app_end ] --END-- [ RunTime:0.000513s ]

[ 2017-05-02T10:47:41+08:00 ] 192.168.1.212 /
INFO: [ app_init ] --START--
INFO: Run Behavior\BuildLiteBehavior [ RunTime:0.000010s ]
INFO: [ app_init ] --END-- [ RunTime:0.000249s ]
INFO: [ app_begin ] --START--
INFO: Run Behavior\ReadHtmlCacheBehavior [ RunTime:0.000371s ]
INFO: [ app_begin ] --END-- [ RunTime:0.000403s ]
INFO: [ view_parse ] --START--
INFO: [ template_filter ] --START--
INFO: Run Behavior\ContentReplaceBehavior [ RunTime:0.000206s ]
INFO: [ template_filter ] --END-- [ RunTime:0.000245s ]
INFO: Run Behavior\ParseTemplateBehavior [ RunTime:0.019085s ]
INFO: [ view_parse ] --END-- [ RunTime:0.019127s ]
INFO: [ view_filter ] --START--
INFO: Run Behavior\WriteHtmlCacheBehavior [ RunTime:0.000177s ]
INFO: [ view_filter ] --END-- [ RunTime:0.000229s ]
INFO: [ app_end ] --START--
INFO: Run Behavior\ShowPageTraceBehavior [ RunTime:0.000584s ]
INFO: [ app_end ] --END-- [ RunTime:0.000643s ]

[ 2017-05-02T10:47:41+08:00 ] 192.168.1.212 /
INFO: [ app_init ] --START--
INFO: Run Behavior\BuildLiteBehavior [ RunTime:0.000010s ]
INFO: [ app_init ] --END-- [ RunTime:0.000268s ]
INFO: [ app_begin ] --START--
INFO: Run Behavior\ReadHtmlCacheBehavior [ RunTime:0.000392s ]
INFO: [ app_begin ] --END-- [ RunTime:0.000429s ]
INFO: [ view_parse ] --START--
INFO: [ template_filter ] --START--
INFO: Run Behavior\ContentReplaceBehavior [ RunTime:0.000388s ]
INFO: [ template_filter ] --END-- [ RunTime:0.000439s ]
INFO: Run Behavior\ParseTemplateBehavior [ RunTime:0.019174s ]
INFO: [ view_parse ] --END-- [ RunTime:0.019215s ]
INFO: [ view_filter ] --START--
INFO: Run Behavior\WriteHtmlCacheBehavior [ RunTime:0.000174s ]
INFO: [ view_filter ] --END-- [ RunTime:0.000201s ]
INFO: [ app_end ] --START--
INFO: Run Behavior\ShowPageTraceBehavior [ RunTime:0.000395s ]
INFO: [ app_end ] --END-- [ RunTime:0.000426s ]

[ 2017-05-02T10:47:41+08:00 ] 192.168.1.212 /
INFO: [ app_init ] --START--
INFO: Run Behavior\BuildLiteBehavior [ RunTime:0.000009s ]
INFO: [ app_init ] --END-- [ RunTime:0.000250s ]
INFO: [ app_begin ] --START--
INFO: Run Behavior\ReadHtmlCacheBehavior [ RunTime:0.000789s ]
INFO: [ app_begin ] --END-- [ RunTime:0.000855s ]
INFO: [ view_parse ] --START--
INFO: [ template_filter ] --START--
INFO: Run Behavior\ContentReplaceBehavior [ RunTime:0.000192s ]
INFO: [ template_filter ] --END-- [ RunTime:0.000226s ]
INFO: Run Behavior\ParseTemplateBehavior [ RunTime:0.020053s ]
INFO: [ view_parse ] --END-- [ RunTime:0.020109s ]
INFO: [ view_filter ] --START--
INFO: Run Behavior\WriteHtmlCacheBehavior [ RunTime:0.000176s ]
INFO: [ view_filter ] --END-- [ RunTime:0.000202s ]
INFO: [ app_end ] --START--
INFO: Run Behavior\ShowPageTraceBehavior [ RunTime:0.000512s ]
INFO: [ app_end ] --END-- [ RunTime:0.000545s ]

[ 2017-05-02T10:47:41+08:00 ] 192.168.1.212 /
INFO: [ app_init ] --START--
INFO: Run Behavior\BuildLiteBehavior [ RunTime:0.000012s ]
INFO: [ app_init ] --END-- [ RunTime:0.000301s ]
INFO: [ app_begin ] --START--
INFO: Run Behavior\ReadHtmlCacheBehavior [ RunTime:0.000451s ]
INFO: [ app_begin ] --END-- [ RunTime:0.000493s ]
INFO: [ view_parse ] --START--
INFO: [ template_filter ] --START--
INFO: Run Behavior\ContentReplaceBehavior [ RunTime:0.000192s ]
INFO: [ template_filter ] --END-- [ RunTime:0.000236s ]
INFO: Run Behavior\ParseTemplateBehavior [ RunTime:0.021122s ]
INFO: [ view_parse ] --END-- [ RunTime:0.021170s ]
INFO: [ view_filter ] --START--
INFO: Run Behavior\WriteHtmlCacheBehavior [ RunTime:0.000182s ]
INFO: [ view_filter ] --END-- [ RunTime:0.000208s ]
INFO: [ app_end ] --START--
INFO: Run Behavior\ShowPageTraceBehavior [ RunTime:0.000392s ]
INFO: [ app_end ] --END-- [ RunTime:0.000440s ]

[ 2017-05-02T10:47:41+08:00 ] 192.168.1.212 /
INFO: [ app_init ] --START--
INFO: Run Behavior\BuildLiteBehavior [ RunTime:0.000010s ]
INFO: [ app_init ] --END-- [ RunTime:0.000283s ]
INFO: [ app_begin ] --START--
INFO: Run Behavior\ReadHtmlCacheBehavior [ RunTime:0.000374s ]
INFO: [ app_begin ] --END-- [ RunTime:0.000408s ]
INFO: [ view_parse ] --START--
INFO: [ template_filter ] --START--
INFO: Run Behavior\ContentReplaceBehavior [ RunTime:0.000198s ]
INFO: [ template_filter ] --END-- [ RunTime:0.000241s ]
INFO: Run Behavior\ParseTemplateBehavior [ RunTime:0.019896s ]
INFO: [ view_parse ] --END-- [ RunTime:0.019938s ]
INFO: [ view_filter ] --START--
INFO: Run Behavior\WriteHtmlCacheBehavior [ RunTime:0.000173s ]
INFO: [ view_filter ] --END-- [ RunTime:0.000200s ]
INFO: [ app_end ] --START--
INFO: Run Behavior\ShowPageTraceBehavior [ RunTime:0.000396s ]
INFO: [ app_end ] --END-- [ RunTime:0.000443s ]

[ 2017-05-02T10:47:42+08:00 ] 192.168.1.212 /
INFO: [ app_init ] --START--
INFO: Run Behavior\BuildLiteBehavior [ RunTime:0.000010s ]
INFO: [ app_init ] --END-- [ RunTime:0.000251s ]
INFO: [ app_begin ] --START--
INFO: Run Behavior\ReadHtmlCacheBehavior [ RunTime:0.000400s ]
INFO: [ app_begin ] --END-- [ RunTime:0.000433s ]
INFO: [ view_parse ] --START--
INFO: [ template_filter ] --START--
INFO: Run Behavior\ContentReplaceBehavior [ RunTime:0.000330s ]
INFO: [ template_filter ] --END-- [ RunTime:0.000411s ]
INFO: Run Behavior\ParseTemplateBehavior [ RunTime:0.020750s ]
INFO: [ view_parse ] --END-- [ RunTime:0.020794s ]
INFO: [ view_filter ] --START--
INFO: Run Behavior\WriteHtmlCacheBehavior [ RunTime:0.000176s ]
INFO: [ view_filter ] --END-- [ RunTime:0.000202s ]
INFO: [ app_end ] --START--
INFO: Run Behavior\ShowPageTraceBehavior [ RunTime:0.000486s ]
INFO: [ app_end ] --END-- [ RunTime:0.000546s ]

[ 2017-05-02T10:47:43+08:00 ] 192.168.1.212 /
INFO: [ app_init ] --START--
INFO: Run Behavior\BuildLiteBehavior [ RunTime:0.000027s ]
INFO: [ app_init ] --END-- [ RunTime:0.000355s ]
INFO: [ app_begin ] --START--
INFO: Run Behavior\ReadHtmlCacheBehavior [ RunTime:0.000371s ]
INFO: [ app_begin ] --END-- [ RunTime:0.000404s ]
INFO: [ view_parse ] --START--
INFO: [ template_filter ] --START--
INFO: Run Behavior\ContentReplaceBehavior [ RunTime:0.000236s ]
INFO: [ template_filter ] --END-- [ RunTime:0.000275s ]
INFO: Run Behavior\ParseTemplateBehavior [ RunTime:0.020344s ]
INFO: [ view_parse ] --END-- [ RunTime:0.020387s ]
INFO: [ view_filter ] --START--
INFO: Run Behavior\WriteHtmlCacheBehavior [ RunTime:0.000187s ]
INFO: [ view_filter ] --END-- [ RunTime:0.000215s ]
INFO: [ app_end ] --START--
INFO: Run Behavior\ShowPageTraceBehavior [ RunTime:0.000600s ]
INFO: [ app_end ] --END-- [ RunTime:0.000644s ]

[ 2017-05-02T10:56:30+08:00 ] 192.168.1.212 /
INFO: [ app_init ] --START--
INFO: Run Behavior\BuildLiteBehavior [ RunTime:0.000010s ]
INFO: [ app_init ] --END-- [ RunTime:0.000287s ]
INFO: [ app_begin ] --START--
INFO: Run Behavior\ReadHtmlCacheBehavior [ RunTime:0.000515s ]
INFO: [ app_begin ] --END-- [ RunTime:0.000551s ]
INFO: [ view_parse ] --START--
INFO: [ template_filter ] --START--
INFO: Run Behavior\ContentReplaceBehavior [ RunTime:0.000260s ]
INFO: [ template_filter ] --END-- [ RunTime:0.000323s ]
INFO: Run Behavior\ParseTemplateBehavior [ RunTime:0.021973s ]
INFO: [ view_parse ] --END-- [ RunTime:0.022018s ]
INFO: [ view_filter ] --START--
INFO: Run Behavior\WriteHtmlCacheBehavior [ RunTime:0.000256s ]
INFO: [ view_filter ] --END-- [ RunTime:0.000283s ]
INFO: [ app_end ] --START--
INFO: Run Behavior\ShowPageTraceBehavior [ RunTime:0.000539s ]
INFO: [ app_end ] --END-- [ RunTime:0.000582s ]

[ 2017-05-02T10:56:30+08:00 ] 192.168.1.212 /
INFO: [ app_init ] --START--
INFO: Run Behavior\BuildLiteBehavior [ RunTime:0.000010s ]
INFO: [ app_init ] --END-- [ RunTime:0.000250s ]
INFO: [ app_begin ] --START--
INFO: Run Behavior\ReadHtmlCacheBehavior [ RunTime:0.000368s ]
INFO: [ app_begin ] --END-- [ RunTime:0.000402s ]
INFO: [ view_parse ] --START--
INFO: [ template_filter ] --START--
INFO: Run Behavior\ContentReplaceBehavior [ RunTime:0.000201s ]
INFO: [ template_filter ] --END-- [ RunTime:0.000249s ]
INFO: Run Behavior\ParseTemplateBehavior [ RunTime:0.021524s ]
INFO: [ view_parse ] --END-- [ RunTime:0.021615s ]
INFO: [ view_filter ] --START--
INFO: Run Behavior\WriteHtmlCacheBehavior [ RunTime:0.000174s ]
INFO: [ view_filter ] --END-- [ RunTime:0.000198s ]
INFO: [ app_end ] --START--
INFO: Run Behavior\ShowPageTraceBehavior [ RunTime:0.000430s ]
INFO: [ app_end ] --END-- [ RunTime:0.000503s ]

[ 2017-05-02T10:56:31+08:00 ] 192.168.1.212 /
INFO: [ app_init ] --START--
INFO: Run Behavior\BuildLiteBehavior [ RunTime:0.000010s ]
INFO: [ app_init ] --END-- [ RunTime:0.000249s ]
INFO: [ app_begin ] --START--
INFO: Run Behavior\ReadHtmlCacheBehavior [ RunTime:0.000368s ]
INFO: [ app_begin ] --END-- [ RunTime:0.000401s ]
INFO: [ view_parse ] --START--
INFO: [ template_filter ] --START--
INFO: Run Behavior\ContentReplaceBehavior [ RunTime:0.000197s ]
INFO: [ template_filter ] --END-- [ RunTime:0.000243s ]
INFO: Run Behavior\ParseTemplateBehavior [ RunTime:0.021090s ]
INFO: [ view_parse ] --END-- [ RunTime:0.021134s ]
INFO: [ view_filter ] --START--
INFO: Run Behavior\WriteHtmlCacheBehavior [ RunTime:0.000177s ]
INFO: [ view_filter ] --END-- [ RunTime:0.000203s ]
INFO: [ app_end ] --START--
INFO: Run Behavior\ShowPageTraceBehavior [ RunTime:0.000542s ]
INFO: [ app_end ] --END-- [ RunTime:0.000612s ]

[ 2017-05-02T10:56:31+08:00 ] 192.168.1.212 /
INFO: [ app_init ] --START--
INFO: Run Behavior\BuildLiteBehavior [ RunTime:0.000009s ]
INFO: [ app_init ] --END-- [ RunTime:0.000249s ]
INFO: [ app_begin ] --START--
INFO: Run Behavior\ReadHtmlCacheBehavior [ RunTime:0.000366s ]
INFO: [ app_begin ] --END-- [ RunTime:0.000400s ]
INFO: [ view_parse ] --START--
INFO: [ template_filter ] --START--
INFO: Run Behavior\ContentReplaceBehavior [ RunTime:0.000191s ]
INFO: [ template_filter ] --END-- [ RunTime:0.000227s ]
INFO: Run Behavior\ParseTemplateBehavior [ RunTime:0.021993s ]
INFO: [ view_parse ] --END-- [ RunTime:0.022037s ]
INFO: [ view_filter ] --START--
INFO: Run Behavior\WriteHtmlCacheBehavior [ RunTime:0.000178s ]
INFO: [ view_filter ] --END-- [ RunTime:0.000205s ]
INFO: [ app_end ] --START--
INFO: Run Behavior\ShowPageTraceBehavior [ RunTime:0.000404s ]
INFO: [ app_end ] --END-- [ RunTime:0.000436s ]

[ 2017-05-02T10:58:02+08:00 ] 192.168.1.212 /index.php/Home/Goods/showList
INFO: [ app_init ] --START--
INFO: Run Behavior\BuildLiteBehavior [ RunTime:0.000012s ]
INFO: [ app_init ] --END-- [ RunTime:0.000285s ]
INFO: [ app_begin ] --START--
INFO: Run Behavior\ReadHtmlCacheBehavior [ RunTime:0.000573s ]
INFO: [ app_begin ] --END-- [ RunTime:0.000661s ]
INFO: [ view_parse ] --START--
INFO: [ template_filter ] --START--
INFO: Run Behavior\ContentReplaceBehavior [ RunTime:0.000243s ]
INFO: [ template_filter ] --END-- [ RunTime:0.000306s ]
INFO: Run Behavior\ParseTemplateBehavior [ RunTime:0.025266s ]
INFO: [ view_parse ] --END-- [ RunTime:0.025322s ]
INFO: [ view_filter ] --START--
INFO: Run Behavior\WriteHtmlCacheBehavior [ RunTime:0.000181s ]
INFO: [ view_filter ] --END-- [ RunTime:0.000209s ]
INFO: [ app_end ] --START--
INFO: Run Behavior\ShowPageTraceBehavior [ RunTime:0.000760s ]
INFO: [ app_end ] --END-- [ RunTime:0.000889s ]

[ 2017-05-02T10:58:55+08:00 ] 192.168.1.212 /index.php/Home/Goods/showList
INFO: [ app_init ] --START--
INFO: Run Behavior\BuildLiteBehavior [ RunTime:0.000010s ]
INFO: [ app_init ] --END-- [ RunTime:0.000341s ]
INFO: [ app_begin ] --START--
INFO: Run Behavior\ReadHtmlCacheBehavior [ RunTime:0.000816s ]
INFO: [ app_begin ] --END-- [ RunTime:0.000895s ]
INFO: [ view_parse ] --START--
INFO: [ template_filter ] --START--
INFO: Run Behavior\ContentReplaceBehavior [ RunTime:0.000156s ]
INFO: [ template_filter ] --END-- [ RunTime:0.000193s ]
INFO: Run Behavior\ParseTemplateBehavior [ RunTime:0.020692s ]
INFO: [ view_parse ] --END-- [ RunTime:0.020780s ]
INFO: [ view_filter ] --START--
INFO: Run Behavior\WriteHtmlCacheBehavior [ RunTime:0.000257s ]
INFO: [ view_filter ] --END-- [ RunTime:0.000284s ]
INFO: [ app_end ] --START--
INFO: Run Behavior\ShowPageTraceBehavior [ RunTime:0.000526s ]
INFO: [ app_end ] --END-- [ RunTime:0.000564s ]

[ 2017-05-02T11:00:00+08:00 ] 192.168.1.212 /
INFO: [ app_init ] --START--
INFO: Run Behavior\BuildLiteBehavior [ RunTime:0.000029s ]
INFO: [ app_init ] --END-- [ RunTime:0.000378s ]
INFO: [ app_begin ] --START--
INFO: Run Behavior\ReadHtmlCacheBehavior [ RunTime:0.000443s ]
INFO: [ app_begin ] --END-- [ RunTime:0.000477s ]
INFO: [ view_parse ] --START--
INFO: [ template_filter ] --START--
INFO: Run Behavior\ContentReplaceBehavior [ RunTime:0.000217s ]
INFO: [ template_filter ] --END-- [ RunTime:0.000267s ]
INFO: Run Behavior\ParseTemplateBehavior [ RunTime:0.020270s ]
INFO: [ view_parse ] --END-- [ RunTime:0.020343s ]
INFO: [ view_filter ] --START--
INFO: Run Behavior\WriteHtmlCacheBehavior [ RunTime:0.000526s ]
INFO: [ view_filter ] --END-- [ RunTime:0.000584s ]
INFO: [ app_end ] --START--
INFO: Run Behavior\ShowPageTraceBehavior [ RunTime:0.000533s ]
INFO: [ app_end ] --END-- [ RunTime:0.000602s ]

[ 2017-05-02T11:08:01+08:00 ] 192.168.1.212 /index.php/Home/User/login
INFO: [ app_init ] --START--
INFO: Run Behavior\BuildLiteBehavior [ RunTime:0.000010s ]
INFO: [ app_init ] --END-- [ RunTime:0.000281s ]
INFO: [ app_begin ] --START--
INFO: Run Behavior\ReadHtmlCacheBehavior [ RunTime:0.000442s ]
INFO: [ app_begin ] --END-- [ RunTime:0.000477s ]
INFO: [ view_parse ] --START--
INFO: [ template_filter ] --START--
INFO: Run Behavior\ContentReplaceBehavior [ RunTime:0.000049s ]
INFO: [ template_filter ] --END-- [ RunTime:0.000081s ]
INFO: Run Behavior\ParseTemplateBehavior [ RunTime:0.026715s ]
INFO: [ view_parse ] --END-- [ RunTime:0.026758s ]
INFO: [ view_filter ] --START--
INFO: Run Behavior\WriteHtmlCacheBehavior [ RunTime:0.000274s ]
INFO: [ view_filter ] --END-- [ RunTime:0.000300s ]
INFO: [ app_end ] --START--
INFO: Run Behavior\ShowPageTraceBehavior [ RunTime:0.000434s ]
INFO: [ app_end ] --END-- [ RunTime:0.000462s ]

[ 2017-05-02T11:09:14+08:00 ] 192.168.1.212 /index.php/Home/User/register
INFO: [ app_init ] --START--
INFO: Run Behavior\BuildLiteBehavior [ RunTime:0.000011s ]
INFO: [ app_init ] --END-- [ RunTime:0.000294s ]
INFO: [ app_begin ] --START--
INFO: Run Behavior\ReadHtmlCacheBehavior [ RunTime:0.000447s ]
INFO: [ app_begin ] --END-- [ RunTime:0.000482s ]
INFO: [ view_parse ] --START--
INFO: [ template_filter ] --START--
INFO: Run Behavior\ContentReplaceBehavior [ RunTime:0.000077s ]
INFO: [ template_filter ] --END-- [ RunTime:0.000112s ]
INFO: Run Behavior\ParseTemplateBehavior [ RunTime:0.016303s ]
INFO: [ view_parse ] --END-- [ RunTime:0.016348s ]
INFO: [ view_filter ] --START--
INFO: Run Behavior\WriteHtmlCacheBehavior [ RunTime:0.000485s ]
INFO: [ view_filter ] --END-- [ RunTime:0.000513s ]
INFO: [ app_end ] --START--
INFO: Run Behavior\ShowPageTraceBehavior [ RunTime:0.000508s ]
INFO: [ app_end ] --END-- [ RunTime:0.000571s ]

[ 2017-05-02T11:09:57+08:00 ] 192.168.1.212 /index.php/Home/User/register
INFO: [ app_init ] --START--
INFO: Run Behavior\BuildLiteBehavior [ RunTime:0.000010s ]
INFO: [ app_init ] --END-- [ RunTime:0.000337s ]
INFO: [ app_begin ] --START--
INFO: Run Behavior\ReadHtmlCacheBehavior [ RunTime:0.000509s ]
INFO: [ app_begin ] --END-- [ RunTime:0.000544s ]
INFO: [ view_parse ] --START--
INFO: [ template_filter ] --START--
INFO: Run Behavior\ContentReplaceBehavior [ RunTime:0.000052s ]
INFO: [ template_filter ] --END-- [ RunTime:0.000090s ]
INFO: Run Behavior\ParseTemplateBehavior [ RunTime:0.018517s ]
INFO: [ view_parse ] --END-- [ RunTime:0.018571s ]
INFO: [ view_filter ] --START--
INFO: Run Behavior\WriteHtmlCacheBehavior [ RunTime:0.000263s ]
INFO: [ view_filter ] --END-- [ RunTime:0.000295s ]
INFO: [ app_end ] --START--
INFO: Run Behavior\ShowPageTraceBehavior [ RunTime:0.000449s ]
INFO: [ app_end ] --END-- [ RunTime:0.000492s ]

[ 2017-05-02T11:10:05+08:00 ] 192.168.1.212 /index.php/Home/User/register
INFO: [ app_init ] --START--
INFO: Run Behavior\BuildLiteBehavior [ RunTime:0.000010s ]
INFO: [ app_init ] --END-- [ RunTime:0.000274s ]
INFO: [ app_begin ] --START--
INFO: Run Behavior\ReadHtmlCacheBehavior [ RunTime:0.000436s ]
INFO: [ app_begin ] --END-- [ RunTime:0.000471s ]
INFO: [ view_parse ] --START--
INFO: [ template_filter ] --START--
INFO: Run Behavior\ContentReplaceBehavior [ RunTime:0.000060s ]
INFO: [ template_filter ] --END-- [ RunTime:0.000093s ]
INFO: Run Behavior\ParseTemplateBehavior [ RunTime:0.012035s ]
INFO: [ view_parse ] --END-- [ RunTime:0.012078s ]
INFO: [ view_filter ] --START--
INFO: Run Behavior\WriteHtmlCacheBehavior [ RunTime:0.000254s ]
INFO: [ view_filter ] --END-- [ RunTime:0.000281s ]
INFO: [ app_end ] --START--
INFO: Run Behavior\ShowPageTraceBehavior [ RunTime:0.000498s ]
INFO: [ app_end ] --END-- [ RunTime:0.000558s ]

[ 2017-05-02T11:12:11+08:00 ] 192.168.1.212 /index.php/Home/User/register
INFO: [ app_init ] --START--
INFO: Run Behavior\BuildLiteBehavior [ RunTime:0.000010s ]
INFO: [ app_init ] --END-- [ RunTime:0.000281s ]
INFO: [ app_begin ] --START--
INFO: Run Behavior\ReadHtmlCacheBehavior [ RunTime:0.000439s ]
INFO: [ app_begin ] --END-- [ RunTime:0.000474s ]
INFO: [ view_parse ] --START--
INFO: [ template_filter ] --START--
INFO: Run Behavior\ContentReplaceBehavior [ RunTime:0.000111s ]
INFO: [ template_filter ] --END-- [ RunTime:0.000203s ]
INFO: Run Behavior\ParseTemplateBehavior [ RunTime:0.007862s ]
INFO: [ view_parse ] --END-- [ RunTime:0.007902s ]
INFO: [ view_filter ] --START--
INFO: Run Behavior\WriteHtmlCacheBehavior [ RunTime:0.000269s ]
INFO: [ view_filter ] --END-- [ RunTime:0.000298s ]
INFO: [ app_end ] --START--
INFO: Run Behavior\ShowPageTraceBehavior [ RunTime:0.000454s ]
INFO: [ app_end ] --END-- [ RunTime:0.000484s ]

[ 2017-05-02T11:12:29+08:00 ] 192.168.1.212 /index.php/Home/Goods/showList
INFO: [ app_init ] --START--
INFO: Run Behavior\BuildLiteBehavior [ RunTime:0.000027s ]
INFO: [ app_init ] --END-- [ RunTime:0.000352s ]
INFO: [ app_begin ] --START--
INFO: Run Behavior\ReadHtmlCacheBehavior [ RunTime:0.000502s ]
INFO: [ app_begin ] --END-- [ RunTime:0.000536s ]
INFO: [ view_parse ] --START--
INFO: [ template_filter ] --START--
INFO: Run Behavior\ContentReplaceBehavior [ RunTime:0.000144s ]
INFO: [ template_filter ] --END-- [ RunTime:0.000179s ]
INFO: Run Behavior\ParseTemplateBehavior [ RunTime:0.021191s ]
INFO: [ view_parse ] --END-- [ RunTime:0.021237s ]
INFO: [ view_filter ] --START--
INFO: Run Behavior\WriteHtmlCacheBehavior [ RunTime:0.000235s ]
INFO: [ view_filter ] --END-- [ RunTime:0.000262s ]
INFO: [ app_end ] --START--
INFO: Run Behavior\ShowPageTraceBehavior [ RunTime:0.000555s ]
INFO: [ app_end ] --END-- [ RunTime:0.000596s ]

[ 2017-05-02T11:20:30+08:00 ] 192.168.1.212 /index.php/Home/Goods/showList
INFO: [ app_init ] --START--
INFO: Run Behavior\BuildLiteBehavior [ RunTime:0.000010s ]
INFO: [ app_init ] --END-- [ RunTime:0.000355s ]
INFO: [ app_begin ] --START--
INFO: Run Behavior\ReadHtmlCacheBehavior [ RunTime:0.000511s ]
INFO: [ app_begin ] --END-- [ RunTime:0.000546s ]
SQL: SHOW COLUMNS FROM `sp_goods` [ RunTime:0.0184s ]
SQL: SELECT * FROM `sp_goods` WHERE ( is_del = '0' )  [ RunTime:0.0003s ]
INFO: [ view_parse ] --START--
INFO: [ template_filter ] --START--
INFO: Run Behavior\ContentReplaceBehavior [ RunTime:0.000144s ]
INFO: [ template_filter ] --END-- [ RunTime:0.000187s ]

[ 2017-05-02T11:20:40+08:00 ] 192.168.1.212 /index.php/Home/Goods/showList
INFO: [ app_init ] --START--
INFO: Run Behavior\BuildLiteBehavior [ RunTime:0.000010s ]
INFO: [ app_init ] --END-- [ RunTime:0.000412s ]
INFO: [ app_begin ] --START--
INFO: Run Behavior\ReadHtmlCacheBehavior [ RunTime:0.000511s ]
INFO: [ app_begin ] --END-- [ RunTime:0.000546s ]
SQL: SHOW COLUMNS FROM `sp_goods` [ RunTime:0.0130s ]
SQL: SELECT * FROM `sp_goods` WHERE ( is_del = '0' )  [ RunTime:0.0005s ]
INFO: [ view_parse ] --START--
INFO: [ template_filter ] --START--
INFO: Run Behavior\ContentReplaceBehavior [ RunTime:0.000257s ]
INFO: [ template_filter ] --END-- [ RunTime:0.000326s ]
INFO: Run Behavior\ParseTemplateBehavior [ RunTime:0.036048s ]
INFO: [ view_parse ] --END-- [ RunTime:0.036107s ]
INFO: [ view_filter ] --START--
INFO: Run Behavior\WriteHtmlCacheBehavior [ RunTime:0.000243s ]
INFO: [ view_filter ] --END-- [ RunTime:0.000270s ]
INFO: [ app_end ] --START--
INFO: Run Behavior\ShowPageTraceBehavior [ RunTime:0.000486s ]
INFO: [ app_end ] --END-- [ RunTime:0.000524s ]

[ 2017-05-02T11:21:03+08:00 ] 192.168.1.212 /index.php/Home/Goods/detail/goods_id/2
INFO: [ app_init ] --START--
INFO: Run Behavior\BuildLiteBehavior [ RunTime:0.000025s ]
INFO: [ app_init ] --END-- [ RunTime:0.000393s ]
INFO: [ app_begin ] --START--
INFO: Run Behavior\ReadHtmlCacheBehavior [ RunTime:0.000475s ]
INFO: [ app_begin ] --END-- [ RunTime:0.000535s ]
INFO: [ view_parse ] --START--
INFO: [ template_filter ] --START--
INFO: Run Behavior\ContentReplaceBehavior [ RunTime:0.000228s ]
INFO: [ template_filter ] --END-- [ RunTime:0.000269s ]
INFO: Run Behavior\ParseTemplateBehavior [ RunTime:0.031944s ]
INFO: [ view_parse ] --END-- [ RunTime:0.031988s ]
INFO: [ view_filter ] --START--
INFO: Run Behavior\WriteHtmlCacheBehavior [ RunTime:0.000255s ]
INFO: [ view_filter ] --END-- [ RunTime:0.000283s ]
INFO: [ app_end ] --START--
INFO: Run Behavior\ShowPageTraceBehavior [ RunTime:0.000498s ]
INFO: [ app_end ] --END-- [ RunTime:0.000536s ]

[ 2017-05-02T11:32:23+08:00 ] 192.168.1.212 /index.php/Home/Goods/detail/goods_id/2
INFO: [ app_init ] --START--
INFO: Run Behavior\BuildLiteBehavior [ RunTime:0.000011s ]
INFO: [ app_init ] --END-- [ RunTime:0.000303s ]
INFO: [ app_begin ] --START--
INFO: Run Behavior\ReadHtmlCacheBehavior [ RunTime:0.000470s ]
INFO: [ app_begin ] --END-- [ RunTime:0.000508s ]
SQL: SHOW COLUMNS FROM `sp_goods` [ RunTime:0.0102s ]
SQL: SELECT * FROM `sp_goods` WHERE `goods_id` = 2 LIMIT 1   [ RunTime:0.0004s ]
INFO: [ view_parse ] --START--
INFO: [ template_filter ] --START--
INFO: Run Behavior\ContentReplaceBehavior [ RunTime:0.000206s ]
INFO: [ template_filter ] --END-- [ RunTime:0.000252s ]
INFO: Run Behavior\ParseTemplateBehavior [ RunTime:0.033622s ]
INFO: [ view_parse ] --END-- [ RunTime:0.033675s ]
INFO: [ view_filter ] --START--
INFO: Run Behavior\WriteHtmlCacheBehavior [ RunTime:0.000295s ]
INFO: [ view_filter ] --END-- [ RunTime:0.000324s ]
INFO: [ app_end ] --START--
INFO: Run Behavior\ShowPageTraceBehavior [ RunTime:0.000544s ]
INFO: [ app_end ] --END-- [ RunTime:0.000586s ]

[ 2017-05-02T11:33:11+08:00 ] 192.168.1.212 /index.php/Home/Goods/detail/goods_id/2
INFO: [ app_init ] --START--
INFO: Run Behavior\BuildLiteBehavior [ RunTime:0.000010s ]
INFO: [ app_init ] --END-- [ RunTime:0.000320s ]
INFO: [ app_begin ] --START--
INFO: Run Behavior\ReadHtmlCacheBehavior [ RunTime:0.000514s ]
INFO: [ app_begin ] --END-- [ RunTime:0.000553s ]
SQL: SHOW COLUMNS FROM `sp_goods` [ RunTime:0.0096s ]
SQL: SELECT * FROM `sp_goods` WHERE `goods_id` = 2 LIMIT 1   [ RunTime:0.0004s ]
INFO: [ view_parse ] --START--
INFO: [ template_filter ] --START--
INFO: Run Behavior\ContentReplaceBehavior [ RunTime:0.000182s ]
INFO: [ template_filter ] --END-- [ RunTime:0.000220s ]
INFO: Run Behavior\ParseTemplateBehavior [ RunTime:0.040615s ]
INFO: [ view_parse ] --END-- [ RunTime:0.040662s ]
INFO: [ view_filter ] --START--
INFO: Run Behavior\WriteHtmlCacheBehavior [ RunTime:0.000254s ]
INFO: [ view_filter ] --END-- [ RunTime:0.000293s ]
INFO: [ app_end ] --START--
INFO: Run Behavior\ShowPageTraceBehavior [ RunTime:0.000540s ]
INFO: [ app_end ] --END-- [ RunTime:0.000577s ]

[ 2017-05-02T11:33:26+08:00 ] 192.168.1.212 /index.php
INFO: [ app_init ] --START--
INFO: Run Behavior\BuildLiteBehavior [ RunTime:0.000010s ]
INFO: [ app_init ] --END-- [ RunTime:0.000279s ]
INFO: [ app_begin ] --START--
INFO: Run Behavior\ReadHtmlCacheBehavior [ RunTime:0.000437s ]
INFO: [ app_begin ] --END-- [ RunTime:0.000471s ]
INFO: [ view_parse ] --START--
INFO: [ template_filter ] --START--
INFO: Run Behavior\ContentReplaceBehavior [ RunTime:0.000200s ]
INFO: [ template_filter ] --END-- [ RunTime:0.000264s ]
INFO: Run Behavior\ParseTemplateBehavior [ RunTime:0.022238s ]
INFO: [ view_parse ] --END-- [ RunTime:0.022286s ]
INFO: [ view_filter ] --START--
INFO: Run Behavior\WriteHtmlCacheBehavior [ RunTime:0.000297s ]
INFO: [ view_filter ] --END-- [ RunTime:0.000340s ]
INFO: [ app_end ] --START--
INFO: Run Behavior\ShowPageTraceBehavior [ RunTime:0.000595s ]
INFO: [ app_end ] --END-- [ RunTime:0.000650s ]

[ 2017-05-02T11:34:38+08:00 ] 192.168.1.212 /index.php/Home/Goods/detail/goods_id/2
INFO: [ app_init ] --START--
INFO: Run Behavior\BuildLiteBehavior [ RunTime:0.000010s ]
INFO: [ app_init ] --END-- [ RunTime:0.000330s ]
INFO: [ app_begin ] --START--
INFO: Run Behavior\ReadHtmlCacheBehavior [ RunTime:0.000498s ]
INFO: [ app_begin ] --END-- [ RunTime:0.000532s ]
SQL: SHOW COLUMNS FROM `sp_goods` [ RunTime:0.0248s ]
SQL: SELECT * FROM `sp_goods` WHERE `goods_id` = 2 LIMIT 1   [ RunTime:0.0005s ]
INFO: [ view_parse ] --START--
INFO: [ template_filter ] --START--
INFO: Run Behavior\ContentReplaceBehavior [ RunTime:0.000310s ]
INFO: [ template_filter ] --END-- [ RunTime:0.000377s ]
INFO: Run Behavior\ParseTemplateBehavior [ RunTime:0.076475s ]
INFO: [ view_parse ] --END-- [ RunTime:0.076540s ]
INFO: [ view_filter ] --START--
INFO: Run Behavior\WriteHtmlCacheBehavior [ RunTime:0.000303s ]
INFO: [ view_filter ] --END-- [ RunTime:0.000329s ]
INFO: [ app_end ] --START--
INFO: Run Behavior\ShowPageTraceBehavior [ RunTime:0.000602s ]
INFO: [ app_end ] --END-- [ RunTime:0.000643s ]

[ 2017-05-02T13:12:30+08:00 ] 192.168.1.212 /index.php/Home/Goods/detail/goods_id/2
INFO: [ app_init ] --START--
INFO: Run Behavior\BuildLiteBehavior [ RunTime:0.000016s ]
INFO: [ app_init ] --END-- [ RunTime:0.010195s ]
INFO: [ app_begin ] --START--
INFO: Run Behavior\ReadHtmlCacheBehavior [ RunTime:0.014195s ]
INFO: [ app_begin ] --END-- [ RunTime:0.014244s ]
SQL: SHOW COLUMNS FROM `sp_goods` [ RunTime:0.0288s ]
SQL: SELECT * FROM `sp_goods` WHERE `goods_id` = 2 LIMIT 1   [ RunTime:0.0004s ]
SQL: SHOW COLUMNS FROM `sp_goodspics` [ RunTime:0.0112s ]
ERR: 1054:Unknown column '$goods_id' in 'where clause'
 [ SQL语句 ] : SELECT * FROM `sp_goodspics` WHERE ( goods_id = $goods_id ) 
ERR: 1054:Unknown column '$goods_id' in 'where clause'
 [ SQL语句 ] : SELECT * FROM `sp_goodspics` WHERE ( goods_id = $goods_id ) 

[ 2017-05-02T13:12:53+08:00 ] 192.168.1.212 /index.php/Home/Goods/detail/goods_id/2
INFO: [ app_init ] --START--
INFO: Run Behavior\BuildLiteBehavior [ RunTime:0.000011s ]
INFO: [ app_init ] --END-- [ RunTime:0.000338s ]
INFO: [ app_begin ] --START--
INFO: Run Behavior\ReadHtmlCacheBehavior [ RunTime:0.000492s ]
INFO: [ app_begin ] --END-- [ RunTime:0.000526s ]
SQL: SHOW COLUMNS FROM `sp_goods` [ RunTime:0.0103s ]
SQL: SELECT * FROM `sp_goods` WHERE `goods_id` = 2 LIMIT 1   [ RunTime:0.0004s ]
SQL: SHOW COLUMNS FROM `sp_goodspics` [ RunTime:0.0080s ]
SQL: SELECT * FROM `sp_goodspics` WHERE ( goods_id = 2 )  [ RunTime:0.0004s ]
INFO: [ view_parse ] --START--
INFO: [ template_filter ] --START--
INFO: Run Behavior\ContentReplaceBehavior [ RunTime:0.000174s ]
INFO: [ template_filter ] --END-- [ RunTime:0.000212s ]
NOTIC: [8] Undefined variable: photos F:\bbs\Application\Runtime\Cache\Home\795e274f7e0defaaba4ae5ed57f62a8c.php 第 577 行.
NOTIC: [8] Undefined variable: photos F:\bbs\Application\Runtime\Cache\Home\795e274f7e0defaaba4ae5ed57f62a8c.php 第 578 行.
INFO: Run Behavior\ParseTemplateBehavior [ RunTime:0.112003s ]
INFO: [ view_parse ] --END-- [ RunTime:0.112043s ]
INFO: [ view_filter ] --START--
INFO: Run Behavior\WriteHtmlCacheBehavior [ RunTime:0.009468s ]
INFO: [ view_filter ] --END-- [ RunTime:0.009502s ]
INFO: [ app_end ] --START--
INFO: Run Behavior\ShowPageTraceBehavior [ RunTime:0.011920s ]
INFO: [ app_end ] --END-- [ RunTime:0.011971s ]

[ 2017-05-02T13:12:59+08:00 ] 192.168.1.212 /index.php/Home/Goods/detail/goods_id/2
INFO: [ app_init ] --START--
INFO: Run Behavior\BuildLiteBehavior [ RunTime:0.000025s ]
INFO: [ app_init ] --END-- [ RunTime:0.000329s ]
INFO: [ app_begin ] --START--
INFO: Run Behavior\ReadHtmlCacheBehavior [ RunTime:0.000556s ]
INFO: [ app_begin ] --END-- [ RunTime:0.000594s ]
SQL: SHOW COLUMNS FROM `sp_goods` [ RunTime:0.0097s ]
SQL: SELECT * FROM `sp_goods` WHERE `goods_id` = 2 LIMIT 1   [ RunTime:0.0003s ]
SQL: SHOW COLUMNS FROM `sp_goodspics` [ RunTime:0.0065s ]
SQL: SELECT * FROM `sp_goodspics` WHERE ( goods_id = 2 )  [ RunTime:0.0002s ]
INFO: [ view_parse ] --START--
INFO: [ template_filter ] --START--
INFO: Run Behavior\ContentReplaceBehavior [ RunTime:0.000180s ]
INFO: [ template_filter ] --END-- [ RunTime:0.000219s ]
NOTIC: [8] Undefined variable: photos F:\bbs\Application\Runtime\Cache\Home\795e274f7e0defaaba4ae5ed57f62a8c.php 第 577 行.
NOTIC: [8] Undefined variable: photos F:\bbs\Application\Runtime\Cache\Home\795e274f7e0defaaba4ae5ed57f62a8c.php 第 578 行.
INFO: Run Behavior\ParseTemplateBehavior [ RunTime:0.037442s ]
INFO: [ view_parse ] --END-- [ RunTime:0.037481s ]
INFO: [ view_filter ] --START--
INFO: Run Behavior\WriteHtmlCacheBehavior [ RunTime:0.000301s ]
INFO: [ view_filter ] --END-- [ RunTime:0.000327s ]
INFO: [ app_end ] --START--
INFO: Run Behavior\ShowPageTraceBehavior [ RunTime:0.000717s ]
INFO: [ app_end ] --END-- [ RunTime:0.000765s ]

[ 2017-05-02T13:13:06+08:00 ] 192.168.1.212 /index.php
INFO: [ app_init ] --START--
INFO: Run Behavior\BuildLiteBehavior [ RunTime:0.000016s ]
INFO: [ app_init ] --END-- [ RunTime:0.000463s ]
INFO: [ app_begin ] --START--
INFO: Run Behavior\ReadHtmlCacheBehavior [ RunTime:0.000634s ]
INFO: [ app_begin ] --END-- [ RunTime:0.000682s ]
INFO: [ view_parse ] --START--
INFO: [ template_filter ] --START--
INFO: Run Behavior\ContentReplaceBehavior [ RunTime:0.000208s ]
INFO: [ template_filter ] --END-- [ RunTime:0.000268s ]
INFO: Run Behavior\ParseTemplateBehavior [ RunTime:0.028107s ]
INFO: [ view_parse ] --END-- [ RunTime:0.028157s ]
INFO: [ view_filter ] --START--
INFO: Run Behavior\WriteHtmlCacheBehavior [ RunTime:0.000378s ]
INFO: [ view_filter ] --END-- [ RunTime:0.000409s ]
INFO: [ app_end ] --START--
INFO: Run Behavior\ShowPageTraceBehavior [ RunTime:0.000732s ]
INFO: [ app_end ] --END-- [ RunTime:0.000787s ]

[ 2017-05-02T13:13:13+08:00 ] 192.168.1.212 /index.php/Home/Goods/detail/goods_id/9
INFO: [ app_init ] --START--
INFO: Run Behavior\BuildLiteBehavior [ RunTime:0.000010s ]
INFO: [ app_init ] --END-- [ RunTime:0.000278s ]
INFO: [ app_begin ] --START--
INFO: Run Behavior\ReadHtmlCacheBehavior [ RunTime:0.000440s ]
INFO: [ app_begin ] --END-- [ RunTime:0.000474s ]
SQL: SHOW COLUMNS FROM `sp_goods` [ RunTime:0.0268s ]
SQL: SELECT * FROM `sp_goods` WHERE `goods_id` = 9 LIMIT 1   [ RunTime:0.0006s ]
SQL: SHOW COLUMNS FROM `sp_goodspics` [ RunTime:0.0103s ]
SQL: SELECT * FROM `sp_goodspics` WHERE ( goods_id = 9 )  [ RunTime:0.0004s ]
INFO: [ view_parse ] --START--
INFO: [ template_filter ] --START--
INFO: Run Behavior\ContentReplaceBehavior [ RunTime:0.000171s ]
INFO: [ template_filter ] --END-- [ RunTime:0.000209s ]
NOTIC: [8] Undefined variable: photos F:\bbs\Application\Runtime\Cache\Home\795e274f7e0defaaba4ae5ed57f62a8c.php 第 577 行.
NOTIC: [8] Undefined variable: photos F:\bbs\Application\Runtime\Cache\Home\795e274f7e0defaaba4ae5ed57f62a8c.php 第 578 行.
INFO: Run Behavior\ParseTemplateBehavior [ RunTime:0.035512s ]
INFO: [ view_parse ] --END-- [ RunTime:0.035558s ]
INFO: [ view_filter ] --START--
INFO: Run Behavior\WriteHtmlCacheBehavior [ RunTime:0.000334s ]
INFO: [ view_filter ] --END-- [ RunTime:0.000362s ]
INFO: [ app_end ] --START--
INFO: Run Behavior\ShowPageTraceBehavior [ RunTime:0.000590s ]
INFO: [ app_end ] --END-- [ RunTime:0.000645s ]

[ 2017-05-02T13:14:00+08:00 ] 192.168.1.212 /index.php/Home/Goods/detail/goods_id/9
INFO: [ app_init ] --START--
INFO: Run Behavior\BuildLiteBehavior [ RunTime:0.000010s ]
INFO: [ app_init ] --END-- [ RunTime:0.000303s ]
INFO: [ app_begin ] --START--
INFO: Run Behavior\ReadHtmlCacheBehavior [ RunTime:0.000440s ]
INFO: [ app_begin ] --END-- [ RunTime:0.000475s ]
SQL: SHOW COLUMNS FROM `sp_goods` [ RunTime:0.0160s ]
SQL: SELECT * FROM `sp_goods` WHERE `goods_id` = 9 LIMIT 1   [ RunTime:0.0003s ]
SQL: SHOW COLUMNS FROM `sp_goodspics` [ RunTime:0.0074s ]
SQL: SELECT * FROM `sp_goodspics` WHERE ( goods_id = 9 )  [ RunTime:0.0003s ]
INFO: [ view_parse ] --START--
INFO: [ template_filter ] --START--
INFO: Run Behavior\ContentReplaceBehavior [ RunTime:0.000166s ]
INFO: [ template_filter ] --END-- [ RunTime:0.000202s ]
NOTIC: [8] Undefined index: pic_big F:\bbs\Application\Runtime\Cache\Home\795e274f7e0defaaba4ae5ed57f62a8c.php 第 577 行.
NOTIC: [8] Undefined index: pic_mid F:\bbs\Application\Runtime\Cache\Home\795e274f7e0defaaba4ae5ed57f62a8c.php 第 578 行.
INFO: Run Behavior\ParseTemplateBehavior [ RunTime:0.034376s ]
INFO: [ view_parse ] --END-- [ RunTime:0.034413s ]
INFO: [ view_filter ] --START--
INFO: Run Behavior\WriteHtmlCacheBehavior [ RunTime:0.000290s ]
INFO: [ view_filter ] --END-- [ RunTime:0.000316s ]
INFO: [ app_end ] --START--
INFO: Run Behavior\ShowPageTraceBehavior [ RunTime:0.000609s ]
INFO: [ app_end ] --END-- [ RunTime:0.000657s ]

[ 2017-05-02T13:14:05+08:00 ] 192.168.1.212 /index.php/Home/Goods/detail/goods_id/9
INFO: [ app_init ] --START--
INFO: Run Behavior\BuildLiteBehavior [ RunTime:0.000017s ]
INFO: [ app_init ] --END-- [ RunTime:0.000259s ]
INFO: [ app_begin ] --START--
INFO: Run Behavior\ReadHtmlCacheBehavior [ RunTime:0.000443s ]
INFO: [ app_begin ] --END-- [ RunTime:0.000477s ]
SQL: SHOW COLUMNS FROM `sp_goods` [ RunTime:0.0134s ]
SQL: SELECT * FROM `sp_goods` WHERE `goods_id` = 9 LIMIT 1   [ RunTime:0.0005s ]
SQL: SHOW COLUMNS FROM `sp_goodspics` [ RunTime:0.0094s ]
SQL: SELECT * FROM `sp_goodspics` WHERE ( goods_id = 9 )  [ RunTime:0.0004s ]
INFO: [ view_parse ] --START--
INFO: [ template_filter ] --START--
INFO: Run Behavior\ContentReplaceBehavior [ RunTime:0.000170s ]
INFO: [ template_filter ] --END-- [ RunTime:0.000208s ]
NOTIC: [8] Undefined index: pic_big F:\bbs\Application\Runtime\Cache\Home\795e274f7e0defaaba4ae5ed57f62a8c.php 第 577 行.
NOTIC: [8] Undefined index: pic_mid F:\bbs\Application\Runtime\Cache\Home\795e274f7e0defaaba4ae5ed57f62a8c.php 第 578 行.
INFO: Run Behavior\ParseTemplateBehavior [ RunTime:0.038626s ]
INFO: [ view_parse ] --END-- [ RunTime:0.038673s ]
INFO: [ view_filter ] --START--
INFO: Run Behavior\WriteHtmlCacheBehavior [ RunTime:0.000172s ]
INFO: [ view_filter ] --END-- [ RunTime:0.000197s ]
INFO: [ app_end ] --START--
INFO: Run Behavior\ShowPageTraceBehavior [ RunTime:0.000431s ]
INFO: [ app_end ] --END-- [ RunTime:0.000467s ]

[ 2017-05-02T13:31:34+08:00 ] 192.168.1.212 /index.php/Home/Goods/detail/goods_id/9
INFO: [ app_init ] --START--
INFO: Run Behavior\BuildLiteBehavior [ RunTime:0.000013s ]
INFO: [ app_init ] --END-- [ RunTime:0.000413s ]
INFO: [ app_begin ] --START--
INFO: Run Behavior\ReadHtmlCacheBehavior [ RunTime:0.000573s ]
INFO: [ app_begin ] --END-- [ RunTime:0.000609s ]
SQL: SHOW COLUMNS FROM `sp_goods` [ RunTime:0.0220s ]
SQL: SELECT * FROM `sp_goods` WHERE `goods_id` = 9 LIMIT 1   [ RunTime:0.0006s ]
SQL: SHOW COLUMNS FROM `sp_goodspics` [ RunTime:0.0123s ]
SQL: SELECT * FROM `sp_goodspics` WHERE ( goods_id = 9 )  [ RunTime:0.0003s ]
INFO: [ view_parse ] --START--
INFO: [ template_filter ] --START--
INFO: Run Behavior\ContentReplaceBehavior [ RunTime:0.000189s ]
INFO: [ template_filter ] --END-- [ RunTime:0.000230s ]
INFO: Run Behavior\ParseTemplateBehavior [ RunTime:0.037942s ]
INFO: [ view_parse ] --END-- [ RunTime:0.037989s ]
INFO: [ view_filter ] --START--
INFO: Run Behavior\WriteHtmlCacheBehavior [ RunTime:0.000288s ]
INFO: [ view_filter ] --END-- [ RunTime:0.000315s ]
INFO: [ app_end ] --START--
INFO: Run Behavior\ShowPageTraceBehavior [ RunTime:0.000656s ]
INFO: [ app_end ] --END-- [ RunTime:0.000702s ]

[ 2017-05-02T13:34:58+08:00 ] 192.168.1.212 /index.php/Home/Goods/detail/goods_id/9
INFO: [ app_init ] --START--
INFO: Run Behavior\BuildLiteBehavior [ RunTime:0.000132s ]
INFO: [ app_init ] --END-- [ RunTime:0.000423s ]
INFO: [ app_begin ] --START--
INFO: Run Behavior\ReadHtmlCacheBehavior [ RunTime:0.000535s ]
INFO: [ app_begin ] --END-- [ RunTime:0.000572s ]
SQL: SHOW COLUMNS FROM `sp_goods` [ RunTime:0.0100s ]
SQL: SELECT * FROM `sp_goods` WHERE `goods_id` = 9 LIMIT 1   [ RunTime:0.0004s ]
SQL: SHOW COLUMNS FROM `sp_goodspics` [ RunTime:0.0077s ]
SQL: SELECT * FROM `sp_goodspics` WHERE ( goods_id = 9 )  [ RunTime:0.0003s ]
INFO: [ view_parse ] --START--
INFO: [ template_filter ] --START--
INFO: Run Behavior\ContentReplaceBehavior [ RunTime:0.000167s ]
INFO: [ template_filter ] --END-- [ RunTime:0.000205s ]
NOTIC: [8] Undefined index: pics_ F:\bbs\Application\Runtime\Cache\Home\795e274f7e0defaaba4ae5ed57f62a8c.php 第 590 行.
NOTIC: [8] Undefined index: pics_ F:\bbs\Application\Runtime\Cache\Home\795e274f7e0defaaba4ae5ed57f62a8c.php 第 590 行.
NOTIC: [8] Undefined index: pics_ F:\bbs\Application\Runtime\Cache\Home\795e274f7e0defaaba4ae5ed57f62a8c.php 第 590 行.
NOTIC: [8] Undefined index: pics_ F:\bbs\Application\Runtime\Cache\Home\795e274f7e0defaaba4ae5ed57f62a8c.php 第 590 行.
NOTIC: [8] Undefined index: pics_ F:\bbs\Application\Runtime\Cache\Home\795e274f7e0defaaba4ae5ed57f62a8c.php 第 590 行.
NOTIC: [8] Undefined index: pics_ F:\bbs\Application\Runtime\Cache\Home\795e274f7e0defaaba4ae5ed57f62a8c.php 第 590 行.
NOTIC: [8] Undefined index: pics_ F:\bbs\Application\Runtime\Cache\Home\795e274f7e0defaaba4ae5ed57f62a8c.php 第 590 行.
INFO: Run Behavior\ParseTemplateBehavior [ RunTime:0.039617s ]
INFO: [ view_parse ] --END-- [ RunTime:0.039656s ]
INFO: [ view_filter ] --START--
INFO: Run Behavior\WriteHtmlCacheBehavior [ RunTime:0.000288s ]
INFO: [ view_filter ] --END-- [ RunTime:0.000313s ]
INFO: [ app_end ] --START--
INFO: Run Behavior\ShowPageTraceBehavior [ RunTime:0.000573s ]
INFO: [ app_end ] --END-- [ RunTime:0.000611s ]

[ 2017-05-02T13:35:11+08:00 ] 192.168.1.212 /index.php/Home/Goods/detail/goods_id/9
INFO: [ app_init ] --START--
INFO: Run Behavior\BuildLiteBehavior [ RunTime:0.000029s ]
INFO: [ app_init ] --END-- [ RunTime:0.000377s ]
INFO: [ app_begin ] --START--
INFO: Run Behavior\ReadHtmlCacheBehavior [ RunTime:0.000549s ]
INFO: [ app_begin ] --END-- [ RunTime:0.000585s ]
SQL: SHOW COLUMNS FROM `sp_goods` [ RunTime:0.0113s ]
SQL: SELECT * FROM `sp_goods` WHERE `goods_id` = 9 LIMIT 1   [ RunTime:0.0004s ]
SQL: SHOW COLUMNS FROM `sp_goodspics` [ RunTime:0.0074s ]
SQL: SELECT * FROM `sp_goodspics` WHERE ( goods_id = 9 )  [ RunTime:0.0003s ]
INFO: [ view_parse ] --START--
INFO: [ template_filter ] --START--
INFO: Run Behavior\ContentReplaceBehavior [ RunTime:0.000285s ]
INFO: [ template_filter ] --END-- [ RunTime:0.000343s ]
NOTIC: [8] Undefined index: pics_ F:\bbs\Application\Runtime\Cache\Home\795e274f7e0defaaba4ae5ed57f62a8c.php 第 590 行.
NOTIC: [8] Undefined index: pics_ F:\bbs\Application\Runtime\Cache\Home\795e274f7e0defaaba4ae5ed57f62a8c.php 第 590 行.
NOTIC: [8] Undefined index: pics_ F:\bbs\Application\Runtime\Cache\Home\795e274f7e0defaaba4ae5ed57f62a8c.php 第 590 行.
NOTIC: [8] Undefined index: pics_ F:\bbs\Application\Runtime\Cache\Home\795e274f7e0defaaba4ae5ed57f62a8c.php 第 590 行.
NOTIC: [8] Undefined index: pics_ F:\bbs\Application\Runtime\Cache\Home\795e274f7e0defaaba4ae5ed57f62a8c.php 第 590 行.
NOTIC: [8] Undefined index: pics_ F:\bbs\Application\Runtime\Cache\Home\795e274f7e0defaaba4ae5ed57f62a8c.php 第 590 行.
NOTIC: [8] Undefined index: pics_ F:\bbs\Application\Runtime\Cache\Home\795e274f7e0defaaba4ae5ed57f62a8c.php 第 590 行.
INFO: Run Behavior\ParseTemplateBehavior [ RunTime:0.038805s ]
INFO: [ view_parse ] --END-- [ RunTime:0.038841s ]
INFO: [ view_filter ] --START--
INFO: Run Behavior\WriteHtmlCacheBehavior [ RunTime:0.000280s ]
INFO: [ view_filter ] --END-- [ RunTime:0.000306s ]
INFO: [ app_end ] --START--
INFO: Run Behavior\ShowPageTraceBehavior [ RunTime:0.000564s ]
INFO: [ app_end ] --END-- [ RunTime:0.000601s ]

[ 2017-05-02T13:35:14+08:00 ] 192.168.1.212 /index.php/Home/Goods/detail/goods_id/9
INFO: [ app_init ] --START--
INFO: Run Behavior\BuildLiteBehavior [ RunTime:0.000012s ]
INFO: [ app_init ] --END-- [ RunTime:0.000620s ]
INFO: [ app_begin ] --START--
INFO: Run Behavior\ReadHtmlCacheBehavior [ RunTime:0.000498s ]
INFO: [ app_begin ] --END-- [ RunTime:0.000537s ]
SQL: SHOW COLUMNS FROM `sp_goods` [ RunTime:0.0170s ]
SQL: SELECT * FROM `sp_goods` WHERE `goods_id` = 9 LIMIT 1   [ RunTime:0.0004s ]
SQL: SHOW COLUMNS FROM `sp_goodspics` [ RunTime:0.0081s ]
SQL: SELECT * FROM `sp_goodspics` WHERE ( goods_id = 9 )  [ RunTime:0.0003s ]
INFO: [ view_parse ] --START--
INFO: [ template_filter ] --START--
INFO: Run Behavior\ContentReplaceBehavior [ RunTime:0.000160s ]
INFO: [ template_filter ] --END-- [ RunTime:0.000196s ]
NOTIC: [8] Undefined index: pics_ F:\bbs\Application\Runtime\Cache\Home\795e274f7e0defaaba4ae5ed57f62a8c.php 第 590 行.
NOTIC: [8] Undefined index: pics_ F:\bbs\Application\Runtime\Cache\Home\795e274f7e0defaaba4ae5ed57f62a8c.php 第 590 行.
NOTIC: [8] Undefined index: pics_ F:\bbs\Application\Runtime\Cache\Home\795e274f7e0defaaba4ae5ed57f62a8c.php 第 590 行.
NOTIC: [8] Undefined index: pics_ F:\bbs\Application\Runtime\Cache\Home\795e274f7e0defaaba4ae5ed57f62a8c.php 第 590 行.
NOTIC: [8] Undefined index: pics_ F:\bbs\Application\Runtime\Cache\Home\795e274f7e0defaaba4ae5ed57f62a8c.php 第 590 行.
NOTIC: [8] Undefined index: pics_ F:\bbs\Application\Runtime\Cache\Home\795e274f7e0defaaba4ae5ed57f62a8c.php 第 590 行.
NOTIC: [8] Undefined index: pics_ F:\bbs\Application\Runtime\Cache\Home\795e274f7e0defaaba4ae5ed57f62a8c.php 第 590 行.
INFO: Run Behavior\ParseTemplateBehavior [ RunTime:0.040707s ]
INFO: [ view_parse ] --END-- [ RunTime:0.040758s ]
INFO: [ view_filter ] --START--
INFO: Run Behavior\WriteHtmlCacheBehavior [ RunTime:0.000298s ]
INFO: [ view_filter ] --END-- [ RunTime:0.000325s ]
INFO: [ app_end ] --START--
INFO: Run Behavior\ShowPageTraceBehavior [ RunTime:0.000583s ]
INFO: [ app_end ] --END-- [ RunTime:0.000623s ]

[ 2017-05-02T13:35:16+08:00 ] 192.168.1.212 /index.php/Home/Goods/detail/goods_id/9
INFO: [ app_init ] --START--
INFO: Run Behavior\BuildLiteBehavior [ RunTime:0.000013s ]
INFO: [ app_init ] --END-- [ RunTime:0.000307s ]
INFO: [ app_begin ] --START--
INFO: Run Behavior\ReadHtmlCacheBehavior [ RunTime:0.000510s ]
INFO: [ app_begin ] --END-- [ RunTime:0.000547s ]
SQL: SHOW COLUMNS FROM `sp_goods` [ RunTime:0.0135s ]
SQL: SELECT * FROM `sp_goods` WHERE `goods_id` = 9 LIMIT 1   [ RunTime:0.0003s ]
SQL: SHOW COLUMNS FROM `sp_goodspics` [ RunTime:0.0085s ]
SQL: SELECT * FROM `sp_goodspics` WHERE ( goods_id = 9 )  [ RunTime:0.0003s ]
INFO: [ view_parse ] --START--
INFO: [ template_filter ] --START--
INFO: Run Behavior\ContentReplaceBehavior [ RunTime:0.000154s ]
INFO: [ template_filter ] --END-- [ RunTime:0.000189s ]
NOTIC: [8] Undefined index: pics_ F:\bbs\Application\Runtime\Cache\Home\795e274f7e0defaaba4ae5ed57f62a8c.php 第 590 行.
NOTIC: [8] Undefined index: pics_ F:\bbs\Application\Runtime\Cache\Home\795e274f7e0defaaba4ae5ed57f62a8c.php 第 590 行.
NOTIC: [8] Undefined index: pics_ F:\bbs\Application\Runtime\Cache\Home\795e274f7e0defaaba4ae5ed57f62a8c.php 第 590 行.
NOTIC: [8] Undefined index: pics_ F:\bbs\Application\Runtime\Cache\Home\795e274f7e0defaaba4ae5ed57f62a8c.php 第 590 行.
NOTIC: [8] Undefined index: pics_ F:\bbs\Application\Runtime\Cache\Home\795e274f7e0defaaba4ae5ed57f62a8c.php 第 590 行.
NOTIC: [8] Undefined index: pics_ F:\bbs\Application\Runtime\Cache\Home\795e274f7e0defaaba4ae5ed57f62a8c.php 第 590 行.
NOTIC: [8] Undefined index: pics_ F:\bbs\Application\Runtime\Cache\Home\795e274f7e0defaaba4ae5ed57f62a8c.php 第 590 行.
INFO: Run Behavior\ParseTemplateBehavior [ RunTime:0.038782s ]
INFO: [ view_parse ] --END-- [ RunTime:0.038820s ]
INFO: [ view_filter ] --START--
INFO: Run Behavior\WriteHtmlCacheBehavior [ RunTime:0.000279s ]
INFO: [ view_filter ] --END-- [ RunTime:0.000304s ]
INFO: [ app_end ] --START--
INFO: Run Behavior\ShowPageTraceBehavior [ RunTime:0.000701s ]
INFO: [ app_end ] --END-- [ RunTime:0.000736s ]

[ 2017-05-02T13:38:18+08:00 ] 192.168.1.212 /index.php/Home/Goods/detail/goods_id/9
INFO: [ app_init ] --START--
INFO: Run Behavior\BuildLiteBehavior [ RunTime:0.000011s ]
INFO: [ app_init ] --END-- [ RunTime:0.000317s ]
INFO: [ app_begin ] --START--
INFO: Run Behavior\ReadHtmlCacheBehavior [ RunTime:0.000571s ]
INFO: [ app_begin ] --END-- [ RunTime:0.000606s ]
SQL: SHOW COLUMNS FROM `sp_goods` [ RunTime:0.0094s ]
SQL: SELECT * FROM `sp_goods` WHERE `goods_id` = 9 LIMIT 1   [ RunTime:0.0004s ]
SQL: SHOW COLUMNS FROM `sp_goodspics` [ RunTime:0.0085s ]
SQL: SELECT * FROM `sp_goodspics` WHERE ( goods_id = 9 )  [ RunTime:0.0003s ]
INFO: [ view_parse ] --START--
INFO: [ template_filter ] --START--
INFO: Run Behavior\ContentReplaceBehavior [ RunTime:0.000160s ]
INFO: [ template_filter ] --END-- [ RunTime:0.000199s ]
INFO: Run Behavior\ParseTemplateBehavior [ RunTime:0.043364s ]
INFO: [ view_parse ] --END-- [ RunTime:0.043409s ]
INFO: [ view_filter ] --START--
INFO: Run Behavior\WriteHtmlCacheBehavior [ RunTime:0.000324s ]
INFO: [ view_filter ] --END-- [ RunTime:0.000353s ]
INFO: [ app_end ] --START--
INFO: Run Behavior\ShowPageTraceBehavior [ RunTime:0.000582s ]
INFO: [ app_end ] --END-- [ RunTime:0.000633s ]

[ 2017-05-02T13:41:30+08:00 ] 192.168.1.212 /index.php/Home/Goods/detail/goods_id/9
INFO: [ app_init ] --START--
INFO: Run Behavior\BuildLiteBehavior [ RunTime:0.000011s ]
INFO: [ app_init ] --END-- [ RunTime:0.000299s ]
INFO: [ app_begin ] --START--
INFO: Run Behavior\ReadHtmlCacheBehavior [ RunTime:0.000451s ]
INFO: [ app_begin ] --END-- [ RunTime:0.000488s ]
SQL: SHOW COLUMNS FROM `sp_goods` [ RunTime:0.0112s ]
SQL: SELECT * FROM `sp_goods` WHERE `goods_id` = 9 LIMIT 1   [ RunTime:0.0005s ]
SQL: SHOW COLUMNS FROM `sp_goodspics` [ RunTime:0.0086s ]
SQL: SELECT * FROM `sp_goodspics` WHERE ( goods_id = 9 )  [ RunTime:0.0004s ]
INFO: [ view_parse ] --START--
INFO: [ template_filter ] --START--
INFO: Run Behavior\ContentReplaceBehavior [ RunTime:0.000230s ]
INFO: [ template_filter ] --END-- [ RunTime:0.000266s ]
INFO: Run Behavior\ParseTemplateBehavior [ RunTime:0.048341s ]
INFO: [ view_parse ] --END-- [ RunTime:0.048434s ]
INFO: [ view_filter ] --START--
INFO: Run Behavior\WriteHtmlCacheBehavior [ RunTime:0.000240s ]
INFO: [ view_filter ] --END-- [ RunTime:0.000268s ]
INFO: [ app_end ] --START--
INFO: Run Behavior\ShowPageTraceBehavior [ RunTime:0.000524s ]
INFO: [ app_end ] --END-- [ RunTime:0.000564s ]

[ 2017-05-02T13:59:09+08:00 ] 192.168.1.212 /index.php/Home/Goods/detail/goods_id/9
INFO: [ app_init ] --START--
INFO: Run Behavior\BuildLiteBehavior [ RunTime:0.000012s ]
INFO: [ app_init ] --END-- [ RunTime:0.000336s ]
INFO: [ app_begin ] --START--
INFO: Run Behavior\ReadHtmlCacheBehavior [ RunTime:0.000841s ]
INFO: [ app_begin ] --END-- [ RunTime:0.000902s ]
SQL: SHOW COLUMNS FROM `sp_goods` [ RunTime:0.0109s ]
SQL: SELECT * FROM `sp_goods` WHERE `goods_id` = 9 LIMIT 1   [ RunTime:0.0004s ]
SQL: SHOW COLUMNS FROM `sp_goodspics` [ RunTime:0.0081s ]
SQL: SELECT * FROM `sp_goodspics` WHERE ( goods_id = 9 )  [ RunTime:0.0003s ]
INFO: [ view_parse ] --START--
INFO: [ template_filter ] --START--
INFO: Run Behavior\ContentReplaceBehavior [ RunTime:0.000154s ]
INFO: [ template_filter ] --END-- [ RunTime:0.000189s ]
INFO: Run Behavior\ParseTemplateBehavior [ RunTime:0.048971s ]
INFO: [ view_parse ] --END-- [ RunTime:0.049017s ]
INFO: [ view_filter ] --START--
INFO: Run Behavior\WriteHtmlCacheBehavior [ RunTime:0.000311s ]
INFO: [ view_filter ] --END-- [ RunTime:0.000353s ]
INFO: [ app_end ] --START--
INFO: Run Behavior\ShowPageTraceBehavior [ RunTime:0.000594s ]
INFO: [ app_end ] --END-- [ RunTime:0.000651s ]

[ 2017-05-02T13:59:14+08:00 ] 192.168.1.212 /index.php/Home/Goods/detail/goods_id/9
INFO: [ app_init ] --START--
INFO: Run Behavior\BuildLiteBehavior [ RunTime:0.000015s ]
INFO: [ app_init ] --END-- [ RunTime:0.000531s ]
INFO: [ app_begin ] --START--
INFO: Run Behavior\ReadHtmlCacheBehavior [ RunTime:0.000465s ]
INFO: [ app_begin ] --END-- [ RunTime:0.000502s ]
SQL: SHOW COLUMNS FROM `sp_goods` [ RunTime:0.0228s ]
SQL: SELECT * FROM `sp_goods` WHERE `goods_id` = 9 LIMIT 1   [ RunTime:0.0007s ]
SQL: SHOW COLUMNS FROM `sp_goodspics` [ RunTime:0.0083s ]
SQL: SELECT * FROM `sp_goodspics` WHERE ( goods_id = 9 )  [ RunTime:0.0003s ]
INFO: [ view_parse ] --START--
INFO: [ template_filter ] --START--
INFO: Run Behavior\ContentReplaceBehavior [ RunTime:0.000200s ]
INFO: [ template_filter ] --END-- [ RunTime:0.000240s ]
INFO: Run Behavior\ParseTemplateBehavior [ RunTime:0.049652s ]
INFO: [ view_parse ] --END-- [ RunTime:0.049695s ]
INFO: [ view_filter ] --START--
INFO: Run Behavior\WriteHtmlCacheBehavior [ RunTime:0.000235s ]
INFO: [ view_filter ] --END-- [ RunTime:0.000262s ]
INFO: [ app_end ] --START--
INFO: Run Behavior\ShowPageTraceBehavior [ RunTime:0.000704s ]
INFO: [ app_end ] --END-- [ RunTime:0.000741s ]

[ 2017-05-02T14:15:37+08:00 ] 192.168.1.212 /index.php/Home/Goods/detail/goods_id/9
INFO: [ app_init ] --START--
INFO: Run Behavior\BuildLiteBehavior [ RunTime:0.000011s ]
INFO: [ app_init ] --END-- [ RunTime:0.000414s ]
INFO: [ app_begin ] --START--
INFO: Run Behavior\ReadHtmlCacheBehavior [ RunTime:0.000559s ]
INFO: [ app_begin ] --END-- [ RunTime:0.000593s ]
SQL: SHOW COLUMNS FROM `sp_goods` [ RunTime:0.0161s ]
SQL: SELECT * FROM `sp_goods` WHERE `goods_id` = 9 LIMIT 1   [ RunTime:0.0005s ]
SQL: SHOW COLUMNS FROM `sp_goodspics` [ RunTime:0.0087s ]
SQL: SELECT * FROM `sp_goodspics` WHERE ( goods_id = 9 )  [ RunTime:0.0003s ]
SQL: SHOW COLUMNS FROM `sp_goodsattr` [ RunTime:0.0105s ]
SQL: SELECT t2.attr_name,t1.attr_value FROM sp_goodsattr t1 left join sp_attribute as t2 on t1.attr_id = t2.attr_id  WHERE ( t2.attr_sel = '0' and  t1.goods_id = 9 )  [ RunTime:0.0003s ]
INFO: [ view_parse ] --START--
INFO: [ template_filter ] --START--
INFO: Run Behavior\ContentReplaceBehavior [ RunTime:0.000162s ]
INFO: [ template_filter ] --END-- [ RunTime:0.000203s ]
INFO: Run Behavior\ParseTemplateBehavior [ RunTime:0.049166s ]
INFO: [ view_parse ] --END-- [ RunTime:0.049210s ]
INFO: [ view_filter ] --START--
INFO: Run Behavior\WriteHtmlCacheBehavior [ RunTime:0.000289s ]
INFO: [ view_filter ] --END-- [ RunTime:0.000315s ]
INFO: [ app_end ] --START--
INFO: Run Behavior\ShowPageTraceBehavior [ RunTime:0.000591s ]
INFO: [ app_end ] --END-- [ RunTime:0.000632s ]

[ 2017-05-02T14:16:39+08:00 ] 192.168.1.212 /index.php/Home/Goods/detail/goods_id/9
INFO: [ app_init ] --START--
INFO: Run Behavior\BuildLiteBehavior [ RunTime:0.000014s ]
INFO: [ app_init ] --END-- [ RunTime:0.000305s ]
INFO: [ app_begin ] --START--
INFO: Run Behavior\ReadHtmlCacheBehavior [ RunTime:0.000752s ]
INFO: [ app_begin ] --END-- [ RunTime:0.000796s ]
SQL: SHOW COLUMNS FROM `sp_goods` [ RunTime:0.0092s ]
SQL: SELECT * FROM `sp_goods` WHERE `goods_id` = 9 LIMIT 1   [ RunTime:0.0004s ]
SQL: SHOW COLUMNS FROM `sp_goodspics` [ RunTime:0.0064s ]
SQL: SELECT * FROM `sp_goodspics` WHERE ( goods_id = 9 )  [ RunTime:0.0003s ]
SQL: SHOW COLUMNS FROM `sp_goodsattr` [ RunTime:0.0068s ]
SQL: SELECT t2.attr_name,t1.attr_value FROM sp_goodsattr t1 left join sp_attribute as t2 on t1.attr_id = t2.attr_id  WHERE ( t2.attr_sel = '0' and  t1.goods_id = 9 )  [ RunTime:0.0003s ]
INFO: [ view_parse ] --START--
INFO: [ template_filter ] --START--
INFO: Run Behavior\ContentReplaceBehavior [ RunTime:0.000163s ]
INFO: [ template_filter ] --END-- [ RunTime:0.000201s ]
INFO: Run Behavior\ParseTemplateBehavior [ RunTime:0.051397s ]
INFO: [ view_parse ] --END-- [ RunTime:0.051566s ]
INFO: [ view_filter ] --START--
INFO: Run Behavior\WriteHtmlCacheBehavior [ RunTime:0.000518s ]
INFO: [ view_filter ] --END-- [ RunTime:0.000631s ]
INFO: [ app_end ] --START--
INFO: Run Behavior\ShowPageTraceBehavior [ RunTime:0.000575s ]
INFO: [ app_end ] --END-- [ RunTime:0.000623s ]

[ 2017-05-02T14:17:01+08:00 ] 192.168.1.212 /index.php/Home/Goods/detail/goods_id/9
INFO: [ app_init ] --START--
INFO: Run Behavior\BuildLiteBehavior [ RunTime:0.000011s ]
INFO: [ app_init ] --END-- [ RunTime:0.000293s ]
INFO: [ app_begin ] --START--
INFO: Run Behavior\ReadHtmlCacheBehavior [ RunTime:0.000421s ]
INFO: [ app_begin ] --END-- [ RunTime:0.000455s ]
SQL: SHOW COLUMNS FROM `sp_goods` [ RunTime:0.0107s ]
SQL: SELECT * FROM `sp_goods` WHERE `goods_id` = 9 LIMIT 1   [ RunTime:0.0004s ]
SQL: SHOW COLUMNS FROM `sp_goodspics` [ RunTime:0.0077s ]
SQL: SELECT * FROM `sp_goodspics` WHERE ( goods_id = 9 )  [ RunTime:0.0003s ]
SQL: SHOW COLUMNS FROM `sp_goodsattr` [ RunTime:0.0068s ]
SQL: SELECT t2.attr_name,t1.attr_value FROM sp_goodsattr t1 left join sp_attribute as t2 on t1.attr_id = t2.attr_id  WHERE ( t2.attr_sel = '0' and  t1.goods_id = 9 )  [ RunTime:0.0003s ]
INFO: [ view_parse ] --START--
INFO: [ template_filter ] --START--
INFO: Run Behavior\ContentReplaceBehavior [ RunTime:0.000168s ]
INFO: [ template_filter ] --END-- [ RunTime:0.000208s ]
INFO: Run Behavior\ParseTemplateBehavior [ RunTime:0.051186s ]
INFO: [ view_parse ] --END-- [ RunTime:0.051230s ]
INFO: [ view_filter ] --START--
INFO: Run Behavior\WriteHtmlCacheBehavior [ RunTime:0.000175s ]
INFO: [ view_filter ] --END-- [ RunTime:0.000201s ]
INFO: [ app_end ] --START--
INFO: Run Behavior\ShowPageTraceBehavior [ RunTime:0.000453s ]
INFO: [ app_end ] --END-- [ RunTime:0.000492s ]

[ 2017-05-02T14:17:59+08:00 ] 192.168.1.212 /index.php/Home/Goods/detail/goods_id/9
INFO: [ app_init ] --START--
INFO: Run Behavior\BuildLiteBehavior [ RunTime:0.000010s ]
INFO: [ app_init ] --END-- [ RunTime:0.000267s ]
INFO: [ app_begin ] --START--
INFO: Run Behavior\ReadHtmlCacheBehavior [ RunTime:0.000401s ]
INFO: [ app_begin ] --END-- [ RunTime:0.000436s ]
SQL: SHOW COLUMNS FROM `sp_goods` [ RunTime:0.0114s ]
SQL: SELECT * FROM `sp_goods` WHERE `goods_id` = 9 LIMIT 1   [ RunTime:0.0004s ]
SQL: SHOW COLUMNS FROM `sp_goodspics` [ RunTime:0.0071s ]
SQL: SELECT * FROM `sp_goodspics` WHERE ( goods_id = 9 )  [ RunTime:0.0003s ]
SQL: SHOW COLUMNS FROM `sp_goodsattr` [ RunTime:0.0064s ]
SQL: SELECT t2.attr_name,t1.attr_value FROM sp_goodsattr t1 left join sp_attribute as t2 on t1.attr_id = t2.attr_id  WHERE ( t2.attr_sel = '0' and  t1.goods_id = 9 )  [ RunTime:0.0003s ]
INFO: [ view_parse ] --START--
INFO: [ template_filter ] --START--
INFO: Run Behavior\ContentReplaceBehavior [ RunTime:0.000155s ]
INFO: [ template_filter ] --END-- [ RunTime:0.000187s ]
INFO: Run Behavior\ParseTemplateBehavior [ RunTime:0.053045s ]
INFO: [ view_parse ] --END-- [ RunTime:0.053088s ]
INFO: [ view_filter ] --START--
INFO: Run Behavior\WriteHtmlCacheBehavior [ RunTime:0.000170s ]
INFO: [ view_filter ] --END-- [ RunTime:0.000196s ]
INFO: [ app_end ] --START--
INFO: Run Behavior\ShowPageTraceBehavior [ RunTime:0.000432s ]
INFO: [ app_end ] --END-- [ RunTime:0.000468s ]

[ 2017-05-02T14:34:42+08:00 ] 192.168.1.212 /index.php/Home/Goods/detail/goods_id/9
INFO: [ app_init ] --START--
INFO: Run Behavior\BuildLiteBehavior [ RunTime:0.000033s ]
INFO: [ app_init ] --END-- [ RunTime:0.000372s ]
INFO: [ app_begin ] --START--
INFO: Run Behavior\ReadHtmlCacheBehavior [ RunTime:0.000823s ]
INFO: [ app_begin ] --END-- [ RunTime:0.000883s ]
SQL: SHOW COLUMNS FROM `sp_goods` [ RunTime:0.0145s ]
SQL: SELECT * FROM `sp_goods` WHERE `goods_id` = 9 LIMIT 1   [ RunTime:0.0004s ]
SQL: SHOW COLUMNS FROM `sp_goodspics` [ RunTime:0.0081s ]
SQL: SELECT * FROM `sp_goodspics` WHERE ( goods_id = 9 )  [ RunTime:0.0004s ]
SQL: SHOW COLUMNS FROM `sp_goodsattr` [ RunTime:0.0114s ]
SQL: SELECT t2.attr_name,t1.attr_value FROM sp_goodsattr t1 left join sp_attribute as t2 on t1.attr_id = t2.attr_id  WHERE ( t2.attr_sel = '0' and  t1.goods_id = 9 )  [ RunTime:0.0004s ]
SQL: SELECT t2.attr_name,t1.attr_value FROM sp_goodsattr t1 left join sp_attribute as t2 on t1.attr_id = t2.attr_id  WHERE ( t2.attr_sel = '1' and  t1.goods_id = 9 )  [ RunTime:0.0003s ]
NOTIC: [8] Array to string conversion F:\bbs\Application\Home\Controller\GoodsController.class.php 第 34 行.
NOTIC: [8] Array to string conversion F:\bbs\Application\Home\Controller\GoodsController.class.php 第 34 行.
NOTIC: [8] Array to string conversion F:\bbs\Application\Home\Controller\GoodsController.class.php 第 34 行.
NOTIC: [8] Array to string conversion F:\bbs\Application\Home\Controller\GoodsController.class.php 第 34 行.
INFO: [ view_parse ] --START--
INFO: [ template_filter ] --START--
INFO: Run Behavior\ContentReplaceBehavior [ RunTime:0.000172s ]
INFO: [ template_filter ] --END-- [ RunTime:0.000213s ]
INFO: Run Behavior\ParseTemplateBehavior [ RunTime:0.056800s ]
INFO: [ view_parse ] --END-- [ RunTime:0.056849s ]
INFO: [ view_filter ] --START--
INFO: Run Behavior\WriteHtmlCacheBehavior [ RunTime:0.000287s ]
INFO: [ view_filter ] --END-- [ RunTime:0.000315s ]
INFO: [ app_end ] --START--
INFO: Run Behavior\ShowPageTraceBehavior [ RunTime:0.000559s ]
INFO: [ app_end ] --END-- [ RunTime:0.000597s ]

[ 2017-05-02T14:35:22+08:00 ] 192.168.1.212 /index.php/Home/Goods/detail/goods_id/9
INFO: [ app_init ] --START--
INFO: Run Behavior\BuildLiteBehavior [ RunTime:0.000013s ]
INFO: [ app_init ] --END-- [ RunTime:0.000303s ]
INFO: [ app_begin ] --START--
INFO: Run Behavior\ReadHtmlCacheBehavior [ RunTime:0.000491s ]
INFO: [ app_begin ] --END-- [ RunTime:0.000527s ]
SQL: SHOW COLUMNS FROM `sp_goods` [ RunTime:0.0096s ]
SQL: SELECT * FROM `sp_goods` WHERE `goods_id` = 9 LIMIT 1   [ RunTime:0.0004s ]
SQL: SHOW COLUMNS FROM `sp_goodspics` [ RunTime:0.0073s ]
SQL: SELECT * FROM `sp_goodspics` WHERE ( goods_id = 9 )  [ RunTime:0.0004s ]
SQL: SHOW COLUMNS FROM `sp_goodsattr` [ RunTime:0.0091s ]
SQL: SELECT t2.attr_name,t1.attr_value FROM sp_goodsattr t1 left join sp_attribute as t2 on t1.attr_id = t2.attr_id  WHERE ( t2.attr_sel = '0' and  t1.goods_id = 9 )  [ RunTime:0.0003s ]
SQL: SELECT t2.attr_name,t1.attr_value FROM sp_goodsattr t1 left join sp_attribute as t2 on t1.attr_id = t2.attr_id  WHERE ( t2.attr_sel = '1' and  t1.goods_id = 9 )  [ RunTime:0.0003s ]
NOTIC: [8] Array to string conversion F:\bbs\Application\Home\Controller\GoodsController.class.php 第 34 行.
NOTIC: [8] Array to string conversion F:\bbs\Application\Home\Controller\GoodsController.class.php 第 34 行.
NOTIC: [8] Array to string conversion F:\bbs\Application\Home\Controller\GoodsController.class.php 第 34 行.
NOTIC: [8] Array to string conversion F:\bbs\Application\Home\Controller\GoodsController.class.php 第 34 行.
INFO: [ view_parse ] --START--
INFO: [ template_filter ] --START--
INFO: Run Behavior\ContentReplaceBehavior [ RunTime:0.000169s ]
INFO: [ template_filter ] --END-- [ RunTime:0.000208s ]
INFO: Run Behavior\ParseTemplateBehavior [ RunTime:0.054073s ]
INFO: [ view_parse ] --END-- [ RunTime:0.054119s ]
INFO: [ view_filter ] --START--
INFO: Run Behavior\WriteHtmlCacheBehavior [ RunTime:0.000478s ]
INFO: [ view_filter ] --END-- [ RunTime:0.000525s ]
INFO: [ app_end ] --START--
INFO: Run Behavior\ShowPageTraceBehavior [ RunTime:0.000754s ]
INFO: [ app_end ] --END-- [ RunTime:0.000820s ]

[ 2017-05-02T14:35:36+08:00 ] 192.168.1.212 /index.php
INFO: [ app_init ] --START--
INFO: Run Behavior\BuildLiteBehavior [ RunTime:0.000010s ]
INFO: [ app_init ] --END-- [ RunTime:0.000273s ]
INFO: [ app_begin ] --START--
INFO: Run Behavior\ReadHtmlCacheBehavior [ RunTime:0.000509s ]
INFO: [ app_begin ] --END-- [ RunTime:0.000546s ]
INFO: [ view_parse ] --START--
INFO: [ template_filter ] --START--
INFO: Run Behavior\ContentReplaceBehavior [ RunTime:0.000189s ]
INFO: [ template_filter ] --END-- [ RunTime:0.000223s ]
INFO: Run Behavior\ParseTemplateBehavior [ RunTime:0.018163s ]
INFO: [ view_parse ] --END-- [ RunTime:0.018206s ]
INFO: [ view_filter ] --START--
INFO: Run Behavior\WriteHtmlCacheBehavior [ RunTime:0.000296s ]
INFO: [ view_filter ] --END-- [ RunTime:0.000321s ]
INFO: [ app_end ] --START--
INFO: Run Behavior\ShowPageTraceBehavior [ RunTime:0.001018s ]
INFO: [ app_end ] --END-- [ RunTime:0.001109s ]

[ 2017-05-02T14:35:39+08:00 ] 192.168.1.212 /index.php/Home/Goods/detail/goods_id/9
INFO: [ app_init ] --START--
INFO: Run Behavior\BuildLiteBehavior [ RunTime:0.000070s ]
INFO: [ app_init ] --END-- [ RunTime:0.000634s ]
INFO: [ app_begin ] --START--
INFO: Run Behavior\ReadHtmlCacheBehavior [ RunTime:0.000830s ]
INFO: [ app_begin ] --END-- [ RunTime:0.000886s ]
SQL: SHOW COLUMNS FROM `sp_goods` [ RunTime:0.0122s ]
SQL: SELECT * FROM `sp_goods` WHERE `goods_id` = 9 LIMIT 1   [ RunTime:0.0004s ]
SQL: SHOW COLUMNS FROM `sp_goodspics` [ RunTime:0.0081s ]
SQL: SELECT * FROM `sp_goodspics` WHERE ( goods_id = 9 )  [ RunTime:0.0004s ]
SQL: SHOW COLUMNS FROM `sp_goodsattr` [ RunTime:0.0077s ]
SQL: SELECT t2.attr_name,t1.attr_value FROM sp_goodsattr t1 left join sp_attribute as t2 on t1.attr_id = t2.attr_id  WHERE ( t2.attr_sel = '0' and  t1.goods_id = 9 )  [ RunTime:0.0004s ]
SQL: SELECT t2.attr_name,t1.attr_value FROM sp_goodsattr t1 left join sp_attribute as t2 on t1.attr_id = t2.attr_id  WHERE ( t2.attr_sel = '1' and  t1.goods_id = 9 )  [ RunTime:0.0003s ]
NOTIC: [8] Array to string conversion F:\bbs\Application\Home\Controller\GoodsController.class.php 第 34 行.
NOTIC: [8] Array to string conversion F:\bbs\Application\Home\Controller\GoodsController.class.php 第 34 行.
NOTIC: [8] Array to string conversion F:\bbs\Application\Home\Controller\GoodsController.class.php 第 34 行.
NOTIC: [8] Array to string conversion F:\bbs\Application\Home\Controller\GoodsController.class.php 第 34 行.
INFO: [ view_parse ] --START--
INFO: [ template_filter ] --START--
INFO: Run Behavior\ContentReplaceBehavior [ RunTime:0.000208s ]
INFO: [ template_filter ] --END-- [ RunTime:0.000248s ]
INFO: Run Behavior\ParseTemplateBehavior [ RunTime:0.057093s ]
INFO: [ view_parse ] --END-- [ RunTime:0.057142s ]
INFO: [ view_filter ] --START--
INFO: Run Behavior\WriteHtmlCacheBehavior [ RunTime:0.000373s ]
INFO: [ view_filter ] --END-- [ RunTime:0.000400s ]
INFO: [ app_end ] --START--
INFO: Run Behavior\ShowPageTraceBehavior [ RunTime:0.000577s ]
INFO: [ app_end ] --END-- [ RunTime:0.000615s ]

[ 2017-05-02T14:35:41+08:00 ] 192.168.1.212 /index.php/Home/Goods/detail/goods_id/9
INFO: [ app_init ] --START--
INFO: Run Behavior\BuildLiteBehavior [ RunTime:0.000030s ]
INFO: [ app_init ] --END-- [ RunTime:0.000731s ]
INFO: [ app_begin ] --START--
INFO: Run Behavior\ReadHtmlCacheBehavior [ RunTime:0.000625s ]
INFO: [ app_begin ] --END-- [ RunTime:0.000695s ]
SQL: SHOW COLUMNS FROM `sp_goods` [ RunTime:0.0097s ]
SQL: SELECT * FROM `sp_goods` WHERE `goods_id` = 9 LIMIT 1   [ RunTime:0.0003s ]
SQL: SHOW COLUMNS FROM `sp_goodspics` [ RunTime:0.0075s ]
SQL: SELECT * FROM `sp_goodspics` WHERE ( goods_id = 9 )  [ RunTime:0.0003s ]
SQL: SHOW COLUMNS FROM `sp_goodsattr` [ RunTime:0.0072s ]
SQL: SELECT t2.attr_name,t1.attr_value FROM sp_goodsattr t1 left join sp_attribute as t2 on t1.attr_id = t2.attr_id  WHERE ( t2.attr_sel = '0' and  t1.goods_id = 9 )  [ RunTime:0.0003s ]
SQL: SELECT t2.attr_name,t1.attr_value FROM sp_goodsattr t1 left join sp_attribute as t2 on t1.attr_id = t2.attr_id  WHERE ( t2.attr_sel = '1' and  t1.goods_id = 9 )  [ RunTime:0.0003s ]
NOTIC: [8] Array to string conversion F:\bbs\Application\Home\Controller\GoodsController.class.php 第 34 行.
NOTIC: [8] Array to string conversion F:\bbs\Application\Home\Controller\GoodsController.class.php 第 34 行.
NOTIC: [8] Array to string conversion F:\bbs\Application\Home\Controller\GoodsController.class.php 第 34 行.
NOTIC: [8] Array to string conversion F:\bbs\Application\Home\Controller\GoodsController.class.php 第 34 行.
INFO: [ view_parse ] --START--
INFO: [ template_filter ] --START--
INFO: Run Behavior\ContentReplaceBehavior [ RunTime:0.000167s ]
INFO: [ template_filter ] --END-- [ RunTime:0.000204s ]
INFO: Run Behavior\ParseTemplateBehavior [ RunTime:0.057771s ]
INFO: [ view_parse ] --END-- [ RunTime:0.057849s ]
INFO: [ view_filter ] --START--
INFO: Run Behavior\WriteHtmlCacheBehavior [ RunTime:0.000302s ]
INFO: [ view_filter ] --END-- [ RunTime:0.000329s ]
INFO: [ app_end ] --START--
INFO: Run Behavior\ShowPageTraceBehavior [ RunTime:0.000656s ]
INFO: [ app_end ] --END-- [ RunTime:0.000702s ]

[ 2017-05-02T14:38:42+08:00 ] 192.168.1.212 /index.php/Home/Goods/detail/goods_id/9
INFO: [ app_init ] --START--
INFO: Run Behavior\BuildLiteBehavior [ RunTime:0.000011s ]
INFO: [ app_init ] --END-- [ RunTime:0.000547s ]
INFO: [ app_begin ] --START--
INFO: Run Behavior\ReadHtmlCacheBehavior [ RunTime:0.000573s ]
INFO: [ app_begin ] --END-- [ RunTime:0.000611s ]
SQL: SHOW COLUMNS FROM `sp_goods` [ RunTime:0.0117s ]
SQL: SELECT * FROM `sp_goods` WHERE `goods_id` = 9 LIMIT 1   [ RunTime:0.0004s ]
SQL: SHOW COLUMNS FROM `sp_goodspics` [ RunTime:0.0117s ]
SQL: SELECT * FROM `sp_goodspics` WHERE ( goods_id = 9 )  [ RunTime:0.0003s ]
SQL: SHOW COLUMNS FROM `sp_goodsattr` [ RunTime:0.0096s ]
SQL: SELECT t2.attr_name,t1.attr_value FROM sp_goodsattr t1 left join sp_attribute as t2 on t1.attr_id = t2.attr_id  WHERE ( t2.attr_sel = '0' and  t1.goods_id = 9 )  [ RunTime:0.0004s ]
SQL: SELECT t2.attr_name,t1.attr_value FROM sp_goodsattr t1 left join sp_attribute as t2 on t1.attr_id = t2.attr_id  WHERE ( t2.attr_sel = '1' and  t1.goods_id = 9 )  [ RunTime:0.0003s ]
NOTIC: [8] Array to string conversion F:\bbs\Application\Home\Controller\GoodsController.class.php 第 34 行.
NOTIC: [8] Array to string conversion F:\bbs\Application\Home\Controller\GoodsController.class.php 第 34 行.
NOTIC: [8] Array to string conversion F:\bbs\Application\Home\Controller\GoodsController.class.php 第 34 行.
NOTIC: [8] Array to string conversion F:\bbs\Application\Home\Controller\GoodsController.class.php 第 34 行.
INFO: [ view_parse ] --START--
INFO: [ template_filter ] --START--
INFO: Run Behavior\ContentReplaceBehavior [ RunTime:0.000218s ]
INFO: [ template_filter ] --END-- [ RunTime:0.000259s ]
NOTIC: [8] Array to string conversion F:\bbs\Application\Runtime\Cache\Home\795e274f7e0defaaba4ae5ed57f62a8c.php 第 618 行.
NOTIC: [8] Undefined variable: Array F:\bbs\Application\Runtime\Cache\Home\795e274f7e0defaaba4ae5ed57f62a8c.php 第 618 行.
NOTIC: [8] Array to string conversion F:\bbs\Application\Runtime\Cache\Home\795e274f7e0defaaba4ae5ed57f62a8c.php 第 618 行.
NOTIC: [8] Undefined variable: Array F:\bbs\Application\Runtime\Cache\Home\795e274f7e0defaaba4ae5ed57f62a8c.php 第 618 行.
INFO: Run Behavior\ParseTemplateBehavior [ RunTime:0.067385s ]
INFO: [ view_parse ] --END-- [ RunTime:0.067426s ]
INFO: [ view_filter ] --START--
INFO: Run Behavior\WriteHtmlCacheBehavior [ RunTime:0.000336s ]
INFO: [ view_filter ] --END-- [ RunTime:0.000362s ]
INFO: [ app_end ] --START--
INFO: Run Behavior\ShowPageTraceBehavior [ RunTime:0.000580s ]
INFO: [ app_end ] --END-- [ RunTime:0.000617s ]

[ 2017-05-02T14:39:14+08:00 ] 192.168.1.212 /index.php/Home/Goods/detail/goods_id/9
INFO: [ app_init ] --START--
INFO: Run Behavior\BuildLiteBehavior [ RunTime:0.000010s ]
INFO: [ app_init ] --END-- [ RunTime:0.000443s ]
INFO: [ app_begin ] --START--
INFO: Run Behavior\ReadHtmlCacheBehavior [ RunTime:0.000510s ]
INFO: [ app_begin ] --END-- [ RunTime:0.000546s ]
SQL: SHOW COLUMNS FROM `sp_goods` [ RunTime:0.0238s ]
SQL: SELECT * FROM `sp_goods` WHERE `goods_id` = 9 LIMIT 1   [ RunTime:0.0006s ]
SQL: SHOW COLUMNS FROM `sp_goodspics` [ RunTime:0.0116s ]
SQL: SELECT * FROM `sp_goodspics` WHERE ( goods_id = 9 )  [ RunTime:0.0003s ]
SQL: SHOW COLUMNS FROM `sp_goodsattr` [ RunTime:0.0086s ]
SQL: SELECT t2.attr_name,t1.attr_value FROM sp_goodsattr t1 left join sp_attribute as t2 on t1.attr_id = t2.attr_id  WHERE ( t2.attr_sel = '0' and  t1.goods_id = 9 )  [ RunTime:0.0003s ]
SQL: SELECT t2.attr_name,t1.attr_value FROM sp_goodsattr t1 left join sp_attribute as t2 on t1.attr_id = t2.attr_id  WHERE ( t2.attr_sel = '1' and  t1.goods_id = 9 )  [ RunTime:0.0002s ]
NOTIC: [8] Array to string conversion F:\bbs\Application\Home\Controller\GoodsController.class.php 第 34 行.
NOTIC: [8] Array to string conversion F:\bbs\Application\Home\Controller\GoodsController.class.php 第 34 行.
NOTIC: [8] Array to string conversion F:\bbs\Application\Home\Controller\GoodsController.class.php 第 34 行.
NOTIC: [8] Array to string conversion F:\bbs\Application\Home\Controller\GoodsController.class.php 第 34 行.
INFO: [ view_parse ] --START--
INFO: [ template_filter ] --START--
INFO: Run Behavior\ContentReplaceBehavior [ RunTime:0.000167s ]
INFO: [ template_filter ] --END-- [ RunTime:0.000204s ]
INFO: Run Behavior\ParseTemplateBehavior [ RunTime:0.061870s ]
INFO: [ view_parse ] --END-- [ RunTime:0.061915s ]
INFO: [ view_filter ] --START--
INFO: Run Behavior\WriteHtmlCacheBehavior [ RunTime:0.000307s ]
INFO: [ view_filter ] --END-- [ RunTime:0.000335s ]
INFO: [ app_end ] --START--
INFO: Run Behavior\ShowPageTraceBehavior [ RunTime:0.000573s ]
INFO: [ app_end ] --END-- [ RunTime:0.000611s ]

[ 2017-05-02T14:41:05+08:00 ] 192.168.1.212 /index.php/Home/Goods/detail/goods_id/9
INFO: [ app_init ] --START--
INFO: Run Behavior\BuildLiteBehavior [ RunTime:0.000012s ]
INFO: [ app_init ] --END-- [ RunTime:0.000381s ]
INFO: [ app_begin ] --START--
INFO: Run Behavior\ReadHtmlCacheBehavior [ RunTime:0.000527s ]
INFO: [ app_begin ] --END-- [ RunTime:0.000563s ]
SQL: SHOW COLUMNS FROM `sp_goods` [ RunTime:0.0102s ]
SQL: SELECT * FROM `sp_goods` WHERE `goods_id` = 9 LIMIT 1   [ RunTime:0.0004s ]
SQL: SHOW COLUMNS FROM `sp_goodspics` [ RunTime:0.0075s ]
SQL: SELECT * FROM `sp_goodspics` WHERE ( goods_id = 9 )  [ RunTime:0.0003s ]
SQL: SHOW COLUMNS FROM `sp_goodsattr` [ RunTime:0.0067s ]
SQL: SELECT t2.attr_name,t1.attr_value FROM sp_goodsattr t1 left join sp_attribute as t2 on t1.attr_id = t2.attr_id  WHERE ( t2.attr_sel = '0' and  t1.goods_id = 9 )  [ RunTime:0.0003s ]
SQL: SELECT t2.attr_name,t1.attr_value FROM sp_goodsattr t1 left join sp_attribute as t2 on t1.attr_id = t2.attr_id  WHERE ( t2.attr_sel = '1' and  t1.goods_id = 9 )  [ RunTime:0.0003s ]
NOTIC: [8] Array to string conversion F:\bbs\Application\Home\Controller\GoodsController.class.php 第 34 行.
NOTIC: [8] Array to string conversion F:\bbs\Application\Home\Controller\GoodsController.class.php 第 34 行.
NOTIC: [8] Array to string conversion F:\bbs\Application\Home\Controller\GoodsController.class.php 第 34 行.
NOTIC: [8] Array to string conversion F:\bbs\Application\Home\Controller\GoodsController.class.php 第 34 行.
INFO: [ view_parse ] --START--
INFO: [ template_filter ] --START--
INFO: Run Behavior\ContentReplaceBehavior [ RunTime:0.000167s ]
INFO: [ template_filter ] --END-- [ RunTime:0.000203s ]
INFO: Run Behavior\ParseTemplateBehavior [ RunTime:0.058965s ]
INFO: [ view_parse ] --END-- [ RunTime:0.059007s ]
INFO: [ view_filter ] --START--
INFO: Run Behavior\WriteHtmlCacheBehavior [ RunTime:0.000302s ]
INFO: [ view_filter ] --END-- [ RunTime:0.000329s ]
INFO: [ app_end ] --START--
INFO: Run Behavior\ShowPageTraceBehavior [ RunTime:0.000596s ]
INFO: [ app_end ] --END-- [ RunTime:0.000636s ]

[ 2017-05-02T14:41:08+08:00 ] 192.168.1.212 /index.php/Home/Goods/detail/goods_id/9
INFO: [ app_init ] --START--
INFO: Run Behavior\BuildLiteBehavior [ RunTime:0.000011s ]
INFO: [ app_init ] --END-- [ RunTime:0.000280s ]
INFO: [ app_begin ] --START--
INFO: Run Behavior\ReadHtmlCacheBehavior [ RunTime:0.000509s ]
INFO: [ app_begin ] --END-- [ RunTime:0.000548s ]
SQL: SHOW COLUMNS FROM `sp_goods` [ RunTime:0.0121s ]
SQL: SELECT * FROM `sp_goods` WHERE `goods_id` = 9 LIMIT 1   [ RunTime:0.0002s ]
SQL: SHOW COLUMNS FROM `sp_goodspics` [ RunTime:0.0071s ]
SQL: SELECT * FROM `sp_goodspics` WHERE ( goods_id = 9 )  [ RunTime:0.0003s ]
SQL: SHOW COLUMNS FROM `sp_goodsattr` [ RunTime:0.0075s ]
SQL: SELECT t2.attr_name,t1.attr_value FROM sp_goodsattr t1 left join sp_attribute as t2 on t1.attr_id = t2.attr_id  WHERE ( t2.attr_sel = '0' and  t1.goods_id = 9 )  [ RunTime:0.0003s ]
SQL: SELECT t2.attr_name,t1.attr_value FROM sp_goodsattr t1 left join sp_attribute as t2 on t1.attr_id = t2.attr_id  WHERE ( t2.attr_sel = '1' and  t1.goods_id = 9 )  [ RunTime:0.0003s ]
NOTIC: [8] Array to string conversion F:\bbs\Application\Home\Controller\GoodsController.class.php 第 34 行.
NOTIC: [8] Array to string conversion F:\bbs\Application\Home\Controller\GoodsController.class.php 第 34 行.
NOTIC: [8] Array to string conversion F:\bbs\Application\Home\Controller\GoodsController.class.php 第 34 行.
NOTIC: [8] Array to string conversion F:\bbs\Application\Home\Controller\GoodsController.class.php 第 34 行.
INFO: [ view_parse ] --START--
INFO: [ template_filter ] --START--
INFO: Run Behavior\ContentReplaceBehavior [ RunTime:0.000168s ]
INFO: [ template_filter ] --END-- [ RunTime:0.000206s ]
INFO: Run Behavior\ParseTemplateBehavior [ RunTime:0.063795s ]
INFO: [ view_parse ] --END-- [ RunTime:0.063841s ]
INFO: [ view_filter ] --START--
INFO: Run Behavior\WriteHtmlCacheBehavior [ RunTime:0.000323s ]
INFO: [ view_filter ] --END-- [ RunTime:0.000352s ]
INFO: [ app_end ] --START--
INFO: Run Behavior\ShowPageTraceBehavior [ RunTime:0.000663s ]
INFO: [ app_end ] --END-- [ RunTime:0.000708s ]

[ 2017-05-02T14:46:21+08:00 ] 192.168.1.212 /index.php/Home/Goods/detail/goods_id/9
INFO: [ app_init ] --START--
INFO: Run Behavior\BuildLiteBehavior [ RunTime:0.000011s ]
INFO: [ app_init ] --END-- [ RunTime:0.000301s ]
INFO: [ app_begin ] --START--
INFO: Run Behavior\ReadHtmlCacheBehavior [ RunTime:0.000574s ]
INFO: [ app_begin ] --END-- [ RunTime:0.000611s ]
SQL: SHOW COLUMNS FROM `sp_goods` [ RunTime:0.0144s ]
SQL: SELECT * FROM `sp_goods` WHERE `goods_id` = 9 LIMIT 1   [ RunTime:0.0004s ]
SQL: SHOW COLUMNS FROM `sp_goodspics` [ RunTime:0.0068s ]
SQL: SELECT * FROM `sp_goodspics` WHERE ( goods_id = 9 )  [ RunTime:0.0003s ]
SQL: SHOW COLUMNS FROM `sp_goodsattr` [ RunTime:0.0067s ]
SQL: SELECT t2.attr_name,t1.attr_value FROM sp_goodsattr t1 left join sp_attribute as t2 on t1.attr_id = t2.attr_id  WHERE ( t2.attr_sel = '0' and  t1.goods_id = 9 )  [ RunTime:0.0003s ]
SQL: SELECT t2.attr_name,t1.attr_value FROM sp_goodsattr t1 left join sp_attribute as t2 on t1.attr_id = t2.attr_id  WHERE ( t2.attr_sel = '1' and  t1.goods_id = 9 )  [ RunTime:0.0002s ]
INFO: [ view_parse ] --START--
INFO: [ template_filter ] --START--
INFO: Run Behavior\ContentReplaceBehavior [ RunTime:0.000168s ]
INFO: [ template_filter ] --END-- [ RunTime:0.000206s ]
INFO: Run Behavior\ParseTemplateBehavior [ RunTime:0.059739s ]
INFO: [ view_parse ] --END-- [ RunTime:0.059783s ]
INFO: [ view_filter ] --START--
INFO: Run Behavior\WriteHtmlCacheBehavior [ RunTime:0.000330s ]
INFO: [ view_filter ] --END-- [ RunTime:0.000358s ]
INFO: [ app_end ] --START--
INFO: Run Behavior\ShowPageTraceBehavior [ RunTime:0.000593s ]
INFO: [ app_end ] --END-- [ RunTime:0.000632s ]

[ 2017-05-02T14:51:36+08:00 ] 192.168.1.212 /index.php/Home/Goods/detail/goods_id/9
INFO: [ app_init ] --START--
INFO: Run Behavior\BuildLiteBehavior [ RunTime:0.000200s ]
INFO: [ app_init ] --END-- [ RunTime:0.000915s ]
INFO: [ app_begin ] --START--
INFO: Run Behavior\ReadHtmlCacheBehavior [ RunTime:0.000547s ]
INFO: [ app_begin ] --END-- [ RunTime:0.000611s ]
SQL: SHOW COLUMNS FROM `sp_goods` [ RunTime:0.0116s ]
SQL: SELECT * FROM `sp_goods` WHERE `goods_id` = 9 LIMIT 1   [ RunTime:0.0005s ]
SQL: SHOW COLUMNS FROM `sp_goodspics` [ RunTime:0.0118s ]
SQL: SELECT * FROM `sp_goodspics` WHERE ( goods_id = 9 )  [ RunTime:0.0003s ]
SQL: SHOW COLUMNS FROM `sp_goodsattr` [ RunTime:0.0091s ]
SQL: SELECT t2.attr_name,t1.attr_value FROM sp_goodsattr t1 left join sp_attribute as t2 on t1.attr_id = t2.attr_id  WHERE ( t2.attr_sel = '0' and  t1.goods_id = 9 )  [ RunTime:0.0004s ]
SQL: SELECT t2.attr_name,t1.attr_value FROM sp_goodsattr t1 left join sp_attribute as t2 on t1.attr_id = t2.attr_id  WHERE ( t2.attr_sel = '1' and  t1.goods_id = 9 )  [ RunTime:0.0002s ]
INFO: [ view_parse ] --START--
INFO: [ template_filter ] --START--
INFO: Run Behavior\ContentReplaceBehavior [ RunTime:0.000165s ]
INFO: [ template_filter ] --END-- [ RunTime:0.000199s ]
INFO: Run Behavior\ParseTemplateBehavior [ RunTime:0.060518s ]
INFO: [ view_parse ] --END-- [ RunTime:0.060575s ]
INFO: [ view_filter ] --START--
INFO: Run Behavior\WriteHtmlCacheBehavior [ RunTime:0.000279s ]
INFO: [ view_filter ] --END-- [ RunTime:0.000305s ]
INFO: [ app_end ] --START--
INFO: Run Behavior\ShowPageTraceBehavior [ RunTime:0.000554s ]
INFO: [ app_end ] --END-- [ RunTime:0.000593s ]

[ 2017-05-02T14:52:00+08:00 ] 192.168.1.212 /index.php/Home/Goods/detail/goods_id/9
INFO: [ app_init ] --START--
INFO: Run Behavior\BuildLiteBehavior [ RunTime:0.000020s ]
INFO: [ app_init ] --END-- [ RunTime:0.000576s ]
INFO: [ app_begin ] --START--
INFO: Run Behavior\ReadHtmlCacheBehavior [ RunTime:0.000528s ]
INFO: [ app_begin ] --END-- [ RunTime:0.000589s ]
SQL: SHOW COLUMNS FROM `sp_goods` [ RunTime:0.0129s ]
SQL: SELECT * FROM `sp_goods` WHERE `goods_id` = 9 LIMIT 1   [ RunTime:0.0004s ]
SQL: SHOW COLUMNS FROM `sp_goodspics` [ RunTime:0.0076s ]
SQL: SELECT * FROM `sp_goodspics` WHERE ( goods_id = 9 )  [ RunTime:0.0003s ]
SQL: SHOW COLUMNS FROM `sp_goodsattr` [ RunTime:0.0080s ]
SQL: SELECT t2.attr_name,t1.attr_value FROM sp_goodsattr t1 left join sp_attribute as t2 on t1.attr_id = t2.attr_id  WHERE ( t2.attr_sel = '0' and  t1.goods_id = 9 )  [ RunTime:0.0003s ]
SQL: SELECT t2.attr_name,t1.attr_value FROM sp_goodsattr t1 left join sp_attribute as t2 on t1.attr_id = t2.attr_id  WHERE ( t2.attr_sel = '1' and  t1.goods_id = 9 )  [ RunTime:0.0003s ]
INFO: [ view_parse ] --START--
INFO: [ template_filter ] --START--
INFO: Run Behavior\ContentReplaceBehavior [ RunTime:0.000164s ]
INFO: [ template_filter ] --END-- [ RunTime:0.000198s ]
INFO: Run Behavior\ParseTemplateBehavior [ RunTime:0.059227s ]
INFO: [ view_parse ] --END-- [ RunTime:0.059271s ]
INFO: [ view_filter ] --START--
INFO: Run Behavior\WriteHtmlCacheBehavior [ RunTime:0.000252s ]
INFO: [ view_filter ] --END-- [ RunTime:0.000307s ]
INFO: [ app_end ] --START--
INFO: Run Behavior\ShowPageTraceBehavior [ RunTime:0.000498s ]
INFO: [ app_end ] --END-- [ RunTime:0.000535s ]

[ 2017-05-02T15:01:09+08:00 ] 192.168.1.212 /index.php/Home/Goods/detail/goods_id/9
INFO: [ app_init ] --START--
INFO: Run Behavior\BuildLiteBehavior [ RunTime:0.000012s ]
INFO: [ app_init ] --END-- [ RunTime:0.000294s ]
INFO: [ app_begin ] --START--
INFO: Run Behavior\ReadHtmlCacheBehavior [ RunTime:0.000509s ]
INFO: [ app_begin ] --END-- [ RunTime:0.000545s ]
SQL: SHOW COLUMNS FROM `sp_goods` [ RunTime:0.0137s ]
SQL: SELECT * FROM `sp_goods` WHERE `goods_id` = 9 LIMIT 1   [ RunTime:0.0004s ]
SQL: SHOW COLUMNS FROM `sp_goodspics` [ RunTime:0.0071s ]
SQL: SELECT * FROM `sp_goodspics` WHERE ( goods_id = 9 )  [ RunTime:0.0003s ]
SQL: SHOW COLUMNS FROM `sp_goodsattr` [ RunTime:0.0069s ]
SQL: SELECT t2.attr_name,t1.attr_value FROM sp_goodsattr t1 left join sp_attribute as t2 on t1.attr_id = t2.attr_id  WHERE ( t2.attr_sel = '0' and  t1.goods_id = 9 )  [ RunTime:0.0003s ]
SQL: SELECT t2.attr_name,t1.attr_value FROM sp_goodsattr t1 left join sp_attribute as t2 on t1.attr_id = t2.attr_id  WHERE ( t2.attr_sel = '1' and  t1.goods_id = 9 )  [ RunTime:0.0002s ]
INFO: [ view_parse ] --START--
INFO: [ template_filter ] --START--
INFO: Run Behavior\ContentReplaceBehavior [ RunTime:0.000180s ]
INFO: [ template_filter ] --END-- [ RunTime:0.000224s ]
INFO: Run Behavior\ParseTemplateBehavior [ RunTime:0.061783s ]
INFO: [ view_parse ] --END-- [ RunTime:0.061832s ]
INFO: [ view_filter ] --START--
INFO: Run Behavior\WriteHtmlCacheBehavior [ RunTime:0.000461s ]
INFO: [ view_filter ] --END-- [ RunTime:0.000542s ]
INFO: [ app_end ] --START--
INFO: Run Behavior\ShowPageTraceBehavior [ RunTime:0.000627s ]
INFO: [ app_end ] --END-- [ RunTime:0.000672s ]

[ 2017-05-02T15:31:28+08:00 ] 192.168.1.212 /index.php/Home/User/register
INFO: [ app_init ] --START--
INFO: Run Behavior\BuildLiteBehavior [ RunTime:0.000011s ]
INFO: [ app_init ] --END-- [ RunTime:0.000459s ]
INFO: [ app_begin ] --START--
INFO: Run Behavior\ReadHtmlCacheBehavior [ RunTime:0.000830s ]
INFO: [ app_begin ] --END-- [ RunTime:0.000866s ]
INFO: [ view_parse ] --START--
INFO: [ template_filter ] --START--
INFO: Run Behavior\ContentReplaceBehavior [ RunTime:0.000054s ]
INFO: [ template_filter ] --END-- [ RunTime:0.000095s ]
INFO: Run Behavior\ParseTemplateBehavior [ RunTime:0.021887s ]
INFO: [ view_parse ] --END-- [ RunTime:0.021941s ]
INFO: [ view_filter ] --START--
INFO: Run Behavior\WriteHtmlCacheBehavior [ RunTime:0.001143s ]
INFO: [ view_filter ] --END-- [ RunTime:0.001202s ]
INFO: [ app_end ] --START--
INFO: Run Behavior\ShowPageTraceBehavior [ RunTime:0.001357s ]
INFO: [ app_end ] --END-- [ RunTime:0.001419s ]

